This file contains any messages produced by compilers while
running configure, to aid debugging if configure makes a mistake.

It was created by glmbayes configure 0.1.0, which was
generated by GNU Autoconf 2.71.  Invocation command line was

  $ ./configure

## --------- ##
## Platform. ##
## --------- ##

hostname = Evergreen
uname -m = x86_64
uname -r = 6.6.87.2-microsoft-standard-WSL2
uname -s = Linux
uname -v = #1 SMP PREEMPT_DYNAMIC Thu Jun  5 18:30:46 UTC 2025

/usr/bin/uname -p = x86_64
/bin/uname -X     = unknown

/bin/arch              = x86_64
/usr/bin/arch -k       = unknown
/usr/convex/getsysinfo = unknown
/usr/bin/hostinfo      = unknown
/bin/machine           = unknown
/usr/bin/oslevel       = unknown
/bin/universe          = unknown

PATH: /usr/local/sbin/
PATH: /usr/local/bin/
PATH: /usr/sbin/
PATH: /usr/bin/
PATH: /sbin/
PATH: /bin/
PATH: /usr/games/
PATH: /usr/local/games/
PATH: /usr/lib/wsl/lib/
PATH: /mnt/c/Program Files/NVIDIA GPU Computing Toolkit/CUDA/v12.9/bin/
PATH: /mnt/c/Program Files/NVIDIA GPU Computing Toolkit/CUDA/v12.9/libnvvp/
PATH: /mnt/c/Windows/system32/
PATH: /mnt/c/Windows/
PATH: /mnt/c/Windows/System32/Wbem/
PATH: /mnt/c/Windows/System32/WindowsPowerShell/v1.0/
PATH: /mnt/c/Windows/System32/OpenSSH/
PATH: /mnt/c/Program Files (x86)/NVIDIA Corporation/PhysX/Common/
PATH: /mnt/c/Program Files/NVIDIA Corporation/NVIDIA App/NvDLISR/
PATH: /mnt/c/Program Files/dotnet/
PATH: /mnt/c/rtools45/usr/bin/
PATH: /mnt/c/rtools45/bin/
PATH: /mnt/c/Program Files/Git/cmd/
PATH: /mnt/c/program Files/Git/bin/
PATH: /mnt/c/Program Files/NVIDIA Corporation/Nsight Compute 2025.2.1/
PATH: /mnt/c/Program Files/NVIDIA GPU Computing Toolkit/CUDA/v12.9/include/
PATH: /mnt/c/Users/kjell/AppData/Local/Programs/MiKTeX/miktex/bin/x64/
PATH: /mnt/c/Program Files (x86)/Windows Kits/10/Windows Performance Toolkit/
PATH: /mnt/c/Program Files/Microsoft Visual Studio/2022/Community/VC/Tools/MSVC/14.44.35207/bin/Hostx64/x64/
PATH: /mnt/c/Program Files/R/R-4.5.1/bin/
PATH: /mnt/c/Program Files/Pandoc/
PATH: /mnt/c/Users/kjell/AppData/Local/Microsoft/WindowsApps/
PATH: /mnt/c/Users/kjell/AppData/Local/Programs/MiKTeX/miktex/bin/x64/
PATH: /snap/bin/


## ----------- ##
## Core tests. ##
## ----------- ##

configure:2433: looking for aux files: compile
configure:2446:  trying ./
configure:2475:   ./compile found
configure:2657: checking for gcc
configure:2689: result: gcc
configure:3042: checking for C compiler version
configure:3051: gcc --version >&5
gcc (Ubuntu 11.4.0-1ubuntu1~22.04) 11.4.0
Copyright (C) 2021 Free Software Foundation, Inc.
This is free software; see the source for copying conditions.  There is NO
warranty; not even for MERCHANTABILITY or FITNESS FOR A PARTICULAR PURPOSE.

configure:3062: $? = 0
configure:3051: gcc -v >&5
Using built-in specs.
COLLECT_GCC=gcc
COLLECT_LTO_WRAPPER=/usr/lib/gcc/x86_64-linux-gnu/11/lto-wrapper
OFFLOAD_TARGET_NAMES=nvptx-none:amdgcn-amdhsa
OFFLOAD_TARGET_DEFAULT=1
Target: x86_64-linux-gnu
Configured with: ../src/configure -v --with-pkgversion='Ubuntu 11.4.0-1ubuntu1~22.04' --with-bugurl=file:///usr/share/doc/gcc-11/README.Bugs --enable-languages=c,ada,c++,go,brig,d,fortran,objc,obj-c++,m2 --prefix=/usr --with-gcc-major-version-only --program-suffix=-11 --program-prefix=x86_64-linux-gnu- --enable-shared --enable-linker-build-id --libexecdir=/usr/lib --without-included-gettext --enable-threads=posix --libdir=/usr/lib --enable-nls --enable-bootstrap --enable-clocale=gnu --enable-libstdcxx-debug --enable-libstdcxx-time=yes --with-default-libstdcxx-abi=new --enable-gnu-unique-object --disable-vtable-verify --enable-plugin --enable-default-pie --with-system-zlib --enable-libphobos-checking=release --with-target-system-zlib=auto --enable-objc-gc=auto --enable-multiarch --disable-werror --enable-cet --with-arch-32=i686 --with-abi=m64 --with-multilib-list=m32,m64,mx32 --enable-multilib --with-tune=generic --enable-offload-targets=nvptx-none=/build/gcc-11-XeT9lY/gcc-11-11.4.0/debian/tmp-nvptx/usr,amdgcn-amdhsa=/build/gcc-11-XeT9lY/gcc-11-11.4.0/debian/tmp-gcn/usr --without-cuda-driver --enable-checking=release --build=x86_64-linux-gnu --host=x86_64-linux-gnu --target=x86_64-linux-gnu --with-build-config=bootstrap-lto-lean --enable-link-serialization=2
Thread model: posix
Supported LTO compression algorithms: zlib zstd
gcc version 11.4.0 (Ubuntu 11.4.0-1ubuntu1~22.04) 
... rest of stderr output deleted ...
configure:3062: $? = 0
configure:3051: gcc -V >&5
gcc: error: unrecognized command-line option '-V'
gcc: fatal error: no input files
compilation terminated.
configure:3062: $? = 1
configure:3051: gcc -qversion >&5
gcc: error: unrecognized command-line option '-qversion'; did you mean '--version'?
gcc: fatal error: no input files
compilation terminated.
configure:3062: $? = 1
configure:3051: gcc -version >&5
gcc: error: unrecognized command-line option '-version'
gcc: fatal error: no input files
compilation terminated.
configure:3062: $? = 1
configure:3082: checking whether the C compiler works
configure:3104: gcc -g -O2 -ffile-prefix-map=/build/r-base-0RQCNp/r-base-4.5.1=. -fstack-protector-strong -Wformat -Werror=format-security -Wdate-time -D_FORTIFY_SOURCE=2  -Wl,-Bsymbolic-functions -flto=auto -ffat-lto-objects -flto=auto -Wl,-z,relro conftest.c  >&5
configure:3108: $? = 0
configure:3158: result: yes
configure:3161: checking for C compiler default output file name
configure:3163: result: a.out
configure:3169: checking for suffix of executables
configure:3176: gcc -o conftest -g -O2 -ffile-prefix-map=/build/r-base-0RQCNp/r-base-4.5.1=. -fstack-protector-strong -Wformat -Werror=format-security -Wdate-time -D_FORTIFY_SOURCE=2  -Wl,-Bsymbolic-functions -flto=auto -ffat-lto-objects -flto=auto -Wl,-z,relro conftest.c  >&5
configure:3180: $? = 0
configure:3203: result: 
configure:3225: checking whether we are cross compiling
configure:3233: gcc -o conftest -g -O2 -ffile-prefix-map=/build/r-base-0RQCNp/r-base-4.5.1=. -fstack-protector-strong -Wformat -Werror=format-security -Wdate-time -D_FORTIFY_SOURCE=2  -Wl,-Bsymbolic-functions -flto=auto -ffat-lto-objects -flto=auto -Wl,-z,relro conftest.c  >&5
configure:3237: $? = 0
configure:3244: ./conftest
configure:3248: $? = 0
configure:3263: result: no
configure:3268: checking for suffix of object files
configure:3291: gcc -c -g -O2 -ffile-prefix-map=/build/r-base-0RQCNp/r-base-4.5.1=. -fstack-protector-strong -Wformat -Werror=format-security -Wdate-time -D_FORTIFY_SOURCE=2  conftest.c >&5
configure:3295: $? = 0
configure:3317: result: o
configure:3321: checking whether the compiler supports GNU C
configure:3341: gcc -c -g -O2 -ffile-prefix-map=/build/r-base-0RQCNp/r-base-4.5.1=. -fstack-protector-strong -Wformat -Werror=format-security -Wdate-time -D_FORTIFY_SOURCE=2  conftest.c >&5
configure:3341: $? = 0
configure:3351: result: yes
configure:3362: checking whether gcc accepts -g
configure:3383: gcc -c -g  conftest.c >&5
configure:3383: $? = 0
configure:3427: result: yes
configure:3447: checking for gcc option to enable C11 features
configure:3462: gcc  -c -g -O2 -ffile-prefix-map=/build/r-base-0RQCNp/r-base-4.5.1=. -fstack-protector-strong -Wformat -Werror=format-security -Wdate-time -D_FORTIFY_SOURCE=2  conftest.c >&5
configure:3462: $? = 0
configure:3480: result: none needed
configure:3601: checking whether gcc understands -c and -o together
configure:3624: gcc -c conftest.c -o conftest2.o
configure:3627: $? = 0
configure:3624: gcc -c conftest.c -o conftest2.o
configure:3627: $? = 0
configure:3639: result: yes
configure:3784: checking for C++ compiler version
configure:3793: g++ -std=gnu++17 --version >&5
g++ (Ubuntu 11.4.0-1ubuntu1~22.04) 11.4.0
Copyright (C) 2021 Free Software Foundation, Inc.
This is free software; see the source for copying conditions.  There is NO
warranty; not even for MERCHANTABILITY or FITNESS FOR A PARTICULAR PURPOSE.

configure:3804: $? = 0
configure:3793: g++ -std=gnu++17 -v >&5
Using built-in specs.
COLLECT_GCC=g++
COLLECT_LTO_WRAPPER=/usr/lib/gcc/x86_64-linux-gnu/11/lto-wrapper
OFFLOAD_TARGET_NAMES=nvptx-none:amdgcn-amdhsa
OFFLOAD_TARGET_DEFAULT=1
Target: x86_64-linux-gnu
Configured with: ../src/configure -v --with-pkgversion='Ubuntu 11.4.0-1ubuntu1~22.04' --with-bugurl=file:///usr/share/doc/gcc-11/README.Bugs --enable-languages=c,ada,c++,go,brig,d,fortran,objc,obj-c++,m2 --prefix=/usr --with-gcc-major-version-only --program-suffix=-11 --program-prefix=x86_64-linux-gnu- --enable-shared --enable-linker-build-id --libexecdir=/usr/lib --without-included-gettext --enable-threads=posix --libdir=/usr/lib --enable-nls --enable-bootstrap --enable-clocale=gnu --enable-libstdcxx-debug --enable-libstdcxx-time=yes --with-default-libstdcxx-abi=new --enable-gnu-unique-object --disable-vtable-verify --enable-plugin --enable-default-pie --with-system-zlib --enable-libphobos-checking=release --with-target-system-zlib=auto --enable-objc-gc=auto --enable-multiarch --disable-werror --enable-cet --with-arch-32=i686 --with-abi=m64 --with-multilib-list=m32,m64,mx32 --enable-multilib --with-tune=generic --enable-offload-targets=nvptx-none=/build/gcc-11-XeT9lY/gcc-11-11.4.0/debian/tmp-nvptx/usr,amdgcn-amdhsa=/build/gcc-11-XeT9lY/gcc-11-11.4.0/debian/tmp-gcn/usr --without-cuda-driver --enable-checking=release --build=x86_64-linux-gnu --host=x86_64-linux-gnu --target=x86_64-linux-gnu --with-build-config=bootstrap-lto-lean --enable-link-serialization=2
Thread model: posix
Supported LTO compression algorithms: zlib zstd
gcc version 11.4.0 (Ubuntu 11.4.0-1ubuntu1~22.04) 
... rest of stderr output deleted ...
configure:3804: $? = 0
configure:3793: g++ -std=gnu++17 -V >&5
g++: error: unrecognized command-line option '-V'
g++: fatal error: no input files
compilation terminated.
configure:3804: $? = 1
configure:3793: g++ -std=gnu++17 -qversion >&5
g++: error: unrecognized command-line option '-qversion'; did you mean '--version'?
g++: fatal error: no input files
compilation terminated.
configure:3804: $? = 1
configure:3808: checking whether the compiler supports GNU C++
configure:3828: g++ -std=gnu++17 -c -g -O2 -ffile-prefix-map=/build/r-base-0RQCNp/r-base-4.5.1=. -fstack-protector-strong -Wformat -Werror=format-security -Wdate-time -D_FORTIFY_SOURCE=2  conftest.cpp >&5
configure:3828: $? = 0
configure:3838: result: yes
configure:3849: checking whether g++ -std=gnu++17 accepts -g
configure:3870: g++ -std=gnu++17 -c -g  conftest.cpp >&5
configure:3870: $? = 0
configure:3914: result: yes
configure:3934: checking for g++ -std=gnu++17 option to enable C++11 features
configure:3949: g++ -std=gnu++17  -c -g -O2 -ffile-prefix-map=/build/r-base-0RQCNp/r-base-4.5.1=. -fstack-protector-strong -Wformat -Werror=format-security -Wdate-time -D_FORTIFY_SOURCE=2  conftest.cpp >&5
conftest.cpp: In function 'int main(int, char**)':
conftest.cpp:175:25: warning: empty parentheses were disambiguated as a function declaration [-Wvexing-parse]
  175 |   cxx11test::delegate d2();
      |                         ^~
conftest.cpp:175:25: note: remove parentheses to default-initialize a variable
  175 |   cxx11test::delegate d2();
      |                         ^~
      |                         --
conftest.cpp:175:25: note: or replace parentheses with braces to value-initialize a variable
configure:3949: $? = 0
configure:3967: result: none needed
configure:4032: checking for RcppParallel include via Rscript
configure:4040: result: 
configure:4055: checking for OpenCL header CL/cl.h
configure:4062: checking for stdio.h
configure:4062: gcc -c -g -O2 -ffile-prefix-map=/build/r-base-0RQCNp/r-base-4.5.1=. -fstack-protector-strong -Wformat -Werror=format-security -Wdate-time -D_FORTIFY_SOURCE=2  conftest.c >&5
configure:4062: $? = 0
configure:4062: result: yes
configure:4062: checking for stdlib.h
configure:4062: gcc -c -g -O2 -ffile-prefix-map=/build/r-base-0RQCNp/r-base-4.5.1=. -fstack-protector-strong -Wformat -Werror=format-security -Wdate-time -D_FORTIFY_SOURCE=2  conftest.c >&5
configure:4062: $? = 0
configure:4062: result: yes
configure:4062: checking for string.h
configure:4062: gcc -c -g -O2 -ffile-prefix-map=/build/r-base-0RQCNp/r-base-4.5.1=. -fstack-protector-strong -Wformat -Werror=format-security -Wdate-time -D_FORTIFY_SOURCE=2  conftest.c >&5
configure:4062: $? = 0
configure:4062: result: yes
configure:4062: checking for inttypes.h
configure:4062: gcc -c -g -O2 -ffile-prefix-map=/build/r-base-0RQCNp/r-base-4.5.1=. -fstack-protector-strong -Wformat -Werror=format-security -Wdate-time -D_FORTIFY_SOURCE=2  conftest.c >&5
configure:4062: $? = 0
configure:4062: result: yes
configure:4062: checking for stdint.h
configure:4062: gcc -c -g -O2 -ffile-prefix-map=/build/r-base-0RQCNp/r-base-4.5.1=. -fstack-protector-strong -Wformat -Werror=format-security -Wdate-time -D_FORTIFY_SOURCE=2  conftest.c >&5
configure:4062: $? = 0
configure:4062: result: yes
configure:4062: checking for strings.h
configure:4062: gcc -c -g -O2 -ffile-prefix-map=/build/r-base-0RQCNp/r-base-4.5.1=. -fstack-protector-strong -Wformat -Werror=format-security -Wdate-time -D_FORTIFY_SOURCE=2  conftest.c >&5
configure:4062: $? = 0
configure:4062: result: yes
configure:4062: checking for sys/stat.h
configure:4062: gcc -c -g -O2 -ffile-prefix-map=/build/r-base-0RQCNp/r-base-4.5.1=. -fstack-protector-strong -Wformat -Werror=format-security -Wdate-time -D_FORTIFY_SOURCE=2  conftest.c >&5
configure:4062: $? = 0
configure:4062: result: yes
configure:4062: checking for sys/types.h
configure:4062: gcc -c -g -O2 -ffile-prefix-map=/build/r-base-0RQCNp/r-base-4.5.1=. -fstack-protector-strong -Wformat -Werror=format-security -Wdate-time -D_FORTIFY_SOURCE=2  conftest.c >&5
configure:4062: $? = 0
configure:4062: result: yes
configure:4062: checking for unistd.h
configure:4062: gcc -c -g -O2 -ffile-prefix-map=/build/r-base-0RQCNp/r-base-4.5.1=. -fstack-protector-strong -Wformat -Werror=format-security -Wdate-time -D_FORTIFY_SOURCE=2  conftest.c >&5
configure:4062: $? = 0
configure:4062: result: yes
configure:4089: checking for CL/cl.h
configure:4089: gcc -c -g -O2 -ffile-prefix-map=/build/r-base-0RQCNp/r-base-4.5.1=. -fstack-protector-strong -Wformat -Werror=format-security -Wdate-time -D_FORTIFY_SOURCE=2  conftest.c >&5
conftest.c:47:10: fatal error: CL/cl.h: No such file or directory
   47 | #include <CL/cl.h>
      |          ^~~~~~~~~
compilation terminated.
configure:4089: $? = 1
configure: failed program was:
| /* confdefs.h */
| #define PACKAGE_NAME "glmbayes"
| #define PACKAGE_TARNAME "glmbayes"
| #define PACKAGE_VERSION "0.1.0"
| #define PACKAGE_STRING "glmbayes 0.1.0"
| #define PACKAGE_BUGREPORT "you@example.com"
| #define PACKAGE_URL ""
| #define HAVE_STDIO_H 1
| #define HAVE_STDLIB_H 1
| #define HAVE_STRING_H 1
| #define HAVE_INTTYPES_H 1
| #define HAVE_STDINT_H 1
| #define HAVE_STRINGS_H 1
| #define HAVE_SYS_STAT_H 1
| #define HAVE_SYS_TYPES_H 1
| #define HAVE_UNISTD_H 1
| #define STDC_HEADERS 1
| /* end confdefs.h.  */
| #include <stddef.h>
| #ifdef HAVE_STDIO_H
| # include <stdio.h>
| #endif
| #ifdef HAVE_STDLIB_H
| # include <stdlib.h>
| #endif
| #ifdef HAVE_STRING_H
| # include <string.h>
| #endif
| #ifdef HAVE_INTTYPES_H
| # include <inttypes.h>
| #endif
| #ifdef HAVE_STDINT_H
| # include <stdint.h>
| #endif
| #ifdef HAVE_STRINGS_H
| # include <strings.h>
| #endif
| #ifdef HAVE_SYS_TYPES_H
| # include <sys/types.h>
| #endif
| #ifdef HAVE_SYS_STAT_H
| # include <sys/stat.h>
| #endif
| #ifdef HAVE_UNISTD_H
| # include <unistd.h>
| #endif
| #include <CL/cl.h>
configure:4089: result: no
configure:4159: result: no
configure:4167: checking for package source files
configure:4191: result: src/bd0.c src/chebyshev.c src/configure_OpenCL.cpp src/ctrnorm_cpp.cpp src/dbinom.c src/dgamma.c src/dnorm.c src/dpois.c src/Envelopefuncs.cpp src/famfuncs_binomial.cpp src/famfuncs_Gamma.cpp src/famfuncs_gaussian.cpp src/famfuncs_poisson.cpp src/kernel_loader.cpp src/lgamma.c src/lgammacor.c src/log1p.c src/nmath/bd0.c src/nmath/bessel_i.c src/nmath/bessel_j.c src/nmath/bessel_k.c src/nmath/bessel_y.c src/nmath/beta.c src/nmath/chebyshev.c src/nmath/choose.c src/nmath/cospi.c src/nmath/d1mach.c src/nmath/dbeta.c src/nmath/dbinom.c src/nmath/dcauchy.c src/nmath/dchisq.c src/nmath/dexp.c src/nmath/df.c src/nmath/dgamma.c src/nmath/dgeom.c src/nmath/dhyper.c src/nmath/dlnorm.c src/nmath/dlogis.c src/nmath/dnbeta.c src/nmath/dnbinom.c src/nmath/dnchisq.c src/nmath/dnf.c src/nmath/dnorm.c src/nmath/dnt.c src/nmath/dpois.c src/nmath/dt.c src/nmath/dunif.c src/nmath/dweibull.c src/nmath/fmax2.c src/nmath/fmin2.c src/nmath/fprec.c src/nmath/fround.c src/nmath/fsign.c src/nmath/ftrunc.c src/nmath/gamma.c src/nmath/gammalims.c src/nmath/gamma_cody.c src/nmath/i1mach.c src/nmath/imax2.c src/nmath/imin2.c src/nmath/lbeta.c src/nmath/lgamma.c src/nmath/lgammacor.c src/nmath/log1p.c src/nmath/mlutils.c src/nmath/pbeta.c src/nmath/pbinom.c src/nmath/pcauchy.c src/nmath/pchisq.c src/nmath/pexp.c src/nmath/pf.c src/nmath/pgamma.c src/nmath/pgeom.c src/nmath/phyper.c src/nmath/plnorm.c src/nmath/plogis.c src/nmath/pnbeta.c src/nmath/pnbinom.c src/nmath/pnchisq.c src/nmath/pnf.c src/nmath/pnorm.c src/nmath/pnt.c src/nmath/polygamma.c src/nmath/ppois.c src/nmath/pt.c src/nmath/ptukey.c src/nmath/punif.c src/nmath/pweibull.c src/nmath/qbeta.c src/nmath/qbinom.c src/nmath/qcauchy.c src/nmath/qchisq.c src/nmath/qexp.c src/nmath/qf.c src/nmath/qgamma.c src/nmath/qgeom.c src/nmath/qhyper.c src/nmath/qlnorm.c src/nmath/qlogis.c src/nmath/qnbeta.c src/nmath/qnbinom.c src/nmath/qnbinom_mu.c src/nmath/qnchisq.c src/nmath/qnf.c src/nmath/qnorm.c src/nmath/qnt.c src/nmath/qpois.c src/nmath/qt.c src/nmath/qtukey.c src/nmath/qunif.c src/nmath/qweibull.c src/nmath/rbeta.c src/nmath/rbinom.c src/nmath/rcauchy.c src/nmath/rchisq.c src/nmath/rexp.c src/nmath/rf.c src/nmath/rgamma.c src/nmath/rgeom.c src/nmath/rhyper.c src/nmath/rlnorm.c src/nmath/rlogis.c src/nmath/rmultinom.c src/nmath/rnbinom.c src/nmath/rnchisq.c src/nmath/rnorm.c src/nmath/rpois.c src/nmath/rt.c src/nmath/runif.c src/nmath/rweibull.c src/nmath/sexp.c src/nmath/sign.c src/nmath/signrank.c src/nmath/snorm.c src/nmath/standalone/sunif.c src/nmath/standalone/test.c src/nmath/stirlerr.c src/nmath/toms708.c src/nmath/wilcox.c src/pnorm.c src/RcppExports.cpp src/rindep_norm_gamma_reg_cpp.cpp src/rng_utils.cpp src/rnnorm_reg_cpp.cpp src/rnnorm_reg_worker.cpp src/rnorm_reg_cpp.cpp src/Set_Grid.cpp src/Set_LogP.cpp src/stirlerr.c 
configure:4302: creating ./config.status

## ---------------------- ##
## Running config.status. ##
## ---------------------- ##

This file was extended by glmbayes config.status 0.1.0, which was
generated by GNU Autoconf 2.71.  Invocation command line was

  CONFIG_FILES    = 
  CONFIG_HEADERS  = 
  CONFIG_LINKS    = 
  CONFIG_COMMANDS = 
  $ ./config.status 

on Evergreen

config.status:817: creating src/Makevars
config.status:817: creating config.h
config.status:987: config.h is unchanged

## ---------------- ##
## Cache variables. ##
## ---------------- ##

ac_cv_c_compiler_gnu=yes
ac_cv_cxx_compiler_gnu=yes
ac_cv_env_CCC_set=
ac_cv_env_CCC_value=
ac_cv_env_CC_set=set
ac_cv_env_CC_value=gcc
ac_cv_env_CFLAGS_set=set
ac_cv_env_CFLAGS_value='-g -O2 -ffile-prefix-map=/build/r-base-0RQCNp/r-base-4.5.1=. -fstack-protector-strong -Wformat -Werror=format-security -Wdate-time -D_FORTIFY_SOURCE=2'
ac_cv_env_CPPFLAGS_set=
ac_cv_env_CPPFLAGS_value=
ac_cv_env_CXXFLAGS_set=set
ac_cv_env_CXXFLAGS_value='-g -O2 -ffile-prefix-map=/build/r-base-0RQCNp/r-base-4.5.1=. -fstack-protector-strong -Wformat -Werror=format-security -Wdate-time -D_FORTIFY_SOURCE=2'
ac_cv_env_CXX_set=set
ac_cv_env_CXX_value='g++ -std=gnu++17'
ac_cv_env_LDFLAGS_set=set
ac_cv_env_LDFLAGS_value='-Wl,-Bsymbolic-functions -flto=auto -ffat-lto-objects -flto=auto -Wl,-z,relro'
ac_cv_env_LIBS_set=
ac_cv_env_LIBS_value=
ac_cv_env_build_alias_set=
ac_cv_env_build_alias_value=
ac_cv_env_host_alias_set=
ac_cv_env_host_alias_value=
ac_cv_env_target_alias_set=
ac_cv_env_target_alias_value=
ac_cv_header_CL_cl_h=no
ac_cv_header_inttypes_h=yes
ac_cv_header_stdint_h=yes
ac_cv_header_stdio_h=yes
ac_cv_header_stdlib_h=yes
ac_cv_header_string_h=yes
ac_cv_header_strings_h=yes
ac_cv_header_sys_stat_h=yes
ac_cv_header_sys_types_h=yes
ac_cv_header_unistd_h=yes
ac_cv_objext=o
ac_cv_prog_ac_ct_CC=gcc
ac_cv_prog_cc_c11=
ac_cv_prog_cc_g=yes
ac_cv_prog_cc_stdc=
ac_cv_prog_cxx_11=no
ac_cv_prog_cxx_cxx11=
ac_cv_prog_cxx_g=yes
ac_cv_prog_cxx_stdcxx=
am_cv_prog_cc_c_o=yes

## ----------------- ##
## Output variables. ##
## ----------------- ##

CC='gcc'
CFLAGS='-g -O2 -ffile-prefix-map=/build/r-base-0RQCNp/r-base-4.5.1=. -fstack-protector-strong -Wformat -Werror=format-security -Wdate-time -D_FORTIFY_SOURCE=2'
CPPFLAGS=''
CXX='g++ -std=gnu++17'
CXXFLAGS='-g -O2 -ffile-prefix-map=/build/r-base-0RQCNp/r-base-4.5.1=. -fstack-protector-strong -Wformat -Werror=format-security -Wdate-time -D_FORTIFY_SOURCE=2'
DEFS='-DHAVE_CONFIG_H'
ECHO_C=''
ECHO_N='-n'
ECHO_T=''
EXEEXT=''
FINAL_OBJS='src/bd0.c src/chebyshev.c src/configure_OpenCL.cpp src/ctrnorm_cpp.cpp src/dbinom.c src/dgamma.c src/dnorm.c src/dpois.c src/Envelopefuncs.cpp src/famfuncs_binomial.cpp src/famfuncs_Gamma.cpp src/famfuncs_gaussian.cpp src/famfuncs_poisson.cpp src/kernel_loader.cpp src/lgamma.c src/lgammacor.c src/log1p.c src/nmath/bd0.c src/nmath/bessel_i.c src/nmath/bessel_j.c src/nmath/bessel_k.c src/nmath/bessel_y.c src/nmath/beta.c src/nmath/chebyshev.c src/nmath/choose.c src/nmath/cospi.c src/nmath/d1mach.c src/nmath/dbeta.c src/nmath/dbinom.c src/nmath/dcauchy.c src/nmath/dchisq.c src/nmath/dexp.c src/nmath/df.c src/nmath/dgamma.c src/nmath/dgeom.c src/nmath/dhyper.c src/nmath/dlnorm.c src/nmath/dlogis.c src/nmath/dnbeta.c src/nmath/dnbinom.c src/nmath/dnchisq.c src/nmath/dnf.c src/nmath/dnorm.c src/nmath/dnt.c src/nmath/dpois.c src/nmath/dt.c src/nmath/dunif.c src/nmath/dweibull.c src/nmath/fmax2.c src/nmath/fmin2.c src/nmath/fprec.c src/nmath/fround.c src/nmath/fsign.c src/nmath/ftrunc.c src/nmath/gamma.c src/nmath/gammalims.c src/nmath/gamma_cody.c src/nmath/i1mach.c src/nmath/imax2.c src/nmath/imin2.c src/nmath/lbeta.c src/nmath/lgamma.c src/nmath/lgammacor.c src/nmath/log1p.c src/nmath/mlutils.c src/nmath/pbeta.c src/nmath/pbinom.c src/nmath/pcauchy.c src/nmath/pchisq.c src/nmath/pexp.c src/nmath/pf.c src/nmath/pgamma.c src/nmath/pgeom.c src/nmath/phyper.c src/nmath/plnorm.c src/nmath/plogis.c src/nmath/pnbeta.c src/nmath/pnbinom.c src/nmath/pnchisq.c src/nmath/pnf.c src/nmath/pnorm.c src/nmath/pnt.c src/nmath/polygamma.c src/nmath/ppois.c src/nmath/pt.c src/nmath/ptukey.c src/nmath/punif.c src/nmath/pweibull.c src/nmath/qbeta.c src/nmath/qbinom.c src/nmath/qcauchy.c src/nmath/qchisq.c src/nmath/qexp.c src/nmath/qf.c src/nmath/qgamma.c src/nmath/qgeom.c src/nmath/qhyper.c src/nmath/qlnorm.c src/nmath/qlogis.c src/nmath/qnbeta.c src/nmath/qnbinom.c src/nmath/qnbinom_mu.c src/nmath/qnchisq.c src/nmath/qnf.c src/nmath/qnorm.c src/nmath/qnt.c src/nmath/qpois.c src/nmath/qt.c src/nmath/qtukey.c src/nmath/qunif.c src/nmath/qweibull.c src/nmath/rbeta.c src/nmath/rbinom.c src/nmath/rcauchy.c src/nmath/rchisq.c src/nmath/rexp.c src/nmath/rf.c src/nmath/rgamma.c src/nmath/rgeom.c src/nmath/rhyper.c src/nmath/rlnorm.c src/nmath/rlogis.c src/nmath/rmultinom.c src/nmath/rnbinom.c src/nmath/rnchisq.c src/nmath/rnorm.c src/nmath/rpois.c src/nmath/rt.c src/nmath/runif.c src/nmath/rweibull.c src/nmath/sexp.c src/nmath/sign.c src/nmath/signrank.c src/nmath/snorm.c src/nmath/standalone/sunif.c src/nmath/standalone/test.c src/nmath/stirlerr.c src/nmath/toms708.c src/nmath/wilcox.c src/pnorm.c src/RcppExports.cpp src/rindep_norm_gamma_reg_cpp.cpp src/rng_utils.cpp src/rnnorm_reg_cpp.cpp src/rnnorm_reg_worker.cpp src/rnorm_reg_cpp.cpp src/Set_Grid.cpp src/Set_LogP.cpp src/stirlerr.c '
LDFLAGS='-Wl,-Bsymbolic-functions -flto=auto -ffat-lto-objects -flto=auto -Wl,-z,relro'
LIBOBJS=''
LIBS=''
LTLIBOBJS=''
OBJEXT='o'
OPENCL_CPPFLAGS=''
OPENCL_CXXFLAGS=''
OPENCL_LIBS=''
PACKAGE_BUGREPORT='you@example.com'
PACKAGE_NAME='glmbayes'
PACKAGE_STRING='glmbayes 0.1.0'
PACKAGE_TARNAME='glmbayes'
PACKAGE_URL=''
PACKAGE_VERSION='0.1.0'
PATH_SEPARATOR=':'
RCPP_PARALLEL_INCLUDE=''
SHELL='/bin/bash'
ac_ct_CC='gcc'
ac_ct_CXX=''
am__quote=''
bindir='${exec_prefix}/bin'
build_alias=''
datadir='${datarootdir}'
datarootdir='${prefix}/share'
docdir='${datarootdir}/doc/${PACKAGE_TARNAME}'
dvidir='${docdir}'
exec_prefix='${prefix}'
host_alias=''
htmldir='${docdir}'
includedir='${prefix}/include'
infodir='${datarootdir}/info'
libdir='${exec_prefix}/lib'
libexecdir='${exec_prefix}/libexec'
localedir='${datarootdir}/locale'
localstatedir='${prefix}/var'
mandir='${datarootdir}/man'
oldincludedir='/usr/include'
pdfdir='${docdir}'
prefix='/usr/local'
program_transform_name='s,x,x,'
psdir='${docdir}'
runstatedir='${localstatedir}/run'
sbindir='${exec_prefix}/sbin'
sharedstatedir='${prefix}/com'
sysconfdir='${prefix}/etc'
target_alias=''

## ----------- ##
## confdefs.h. ##
## ----------- ##

/* confdefs.h */
#define PACKAGE_NAME "glmbayes"
#define PACKAGE_TARNAME "glmbayes"
#define PACKAGE_VERSION "0.1.0"
#define PACKAGE_STRING "glmbayes 0.1.0"
#define PACKAGE_BUGREPORT "you@example.com"
#define PACKAGE_URL ""
#define HAVE_STDIO_H 1
#define HAVE_STDLIB_H 1
#define HAVE_STRING_H 1
#define HAVE_INTTYPES_H 1
#define HAVE_STDINT_H 1
#define HAVE_STRINGS_H 1
#define HAVE_SYS_STAT_H 1
#define HAVE_SYS_TYPES_H 1
#define HAVE_UNISTD_H 1
#define STDC_HEADERS 1

configure: exit 0
