* using log directory 'C:/Rpackages/glmbayes/glmbayes.Rcheck'
* using R version 4.5.1 (2025-06-13 ucrt)
* using platform: x86_64-w64-mingw32
* R was compiled by
    gcc.exe (GCC) 14.2.0
    GNU Fortran (GCC) 14.2.0
* running under: Windows 11 x64 (build 26100)
* using session charset: UTF-8
* checking for file 'glmbayes/DESCRIPTION' ... OK
* checking extension type ... Package
* this is package 'glmbayes' version '0.1.0'
* package encoding: UTF-8
* checking package namespace information ... OK
* checking package dependencies ... OK
* checking if this is a source package ... OK
* checking if there is a namespace ... OK
* checking for executable files ... OK
* checking for hidden files and directories ... OK
* checking for portable file names ... OK
* checking whether package 'glmbayes' can be installed ... OK
* used C compiler: 'gcc.exe (GCC) 14.2.0'
* used C++ compiler: 'G__~1.EXE (GCC) 14.2.0'
* checking installed package size ... INFO
  installed size is 11.5Mb
  sub-directories of 1Mb or more:
    doc    8.4Mb
    libs   2.1Mb
* checking package directory ... OK
* checking 'build' directory ... OK
* checking DESCRIPTION meta-information ... OK
* checking top-level files ... OK
* checking for left-over files ... OK
* checking index information ... OK
* checking package subdirectories ... OK
* checking code files for non-ASCII characters ... OK
* checking R files for syntax errors ... OK
* checking whether the package can be loaded ... OK
* checking whether the package can be loaded with stated dependencies ... OK
* checking whether the package can be unloaded cleanly ... OK
* checking whether the namespace can be loaded with stated dependencies ... OK
* checking whether the namespace can be unloaded cleanly ... OK
* checking loading without being on the library search path ... OK
* checking dependencies in R code ... OK
* checking S3 generic/method consistency ... OK
* checking replacement functions ... OK
* checking foreign function calls ... OK
* checking R code for possible problems ... OK
* checking Rd files ... OK
* checking Rd metadata ... OK
* checking Rd cross-references ... OK
* checking for missing documentation entries ... OK
* checking for code/documentation mismatches ... OK
* checking Rd \usage sections ... OK
* checking Rd contents ... OK
* checking for unstated dependencies in examples ... OK
* checking contents of 'data' directory ... OK
* checking data for non-ASCII characters ... OK
* checking data for ASCII and uncompressed saves ... OK
* checking line endings in shell scripts ... OK
* checking line endings in C/C++/Fortran sources/headers ... OK
* checking line endings in Makefiles ... OK
* checking compilation flags in Makevars ... NOTE
Package has both 'src/Makevars.in' and 'src/Makevars'.
Installation with --no-configure' is unlikely to work.  If you intended
'src/Makevars' to be used on Windows, rename it to 'src/Makevars.win'
otherwise remove it.  If 'configure' created 'src/Makevars', you need a
'cleanup' script.
* checking for GNU extensions in Makefiles ... OK
* checking for portable use of $(BLAS_LIBS) and $(LAPACK_LIBS) ... OK
* checking use of PKG_*FLAGS in Makefiles ... OK
* checking include directives in Makefiles ... OK
* checking compiled code ... NOTE
File 'glmbayes/libs/x64/glmbayes.dll':
  Found '_ZSt4cerr', possibly from 'std::cerr' (C++)
    Objects: 'arithmetic_test.o', 'configure_OpenCL.o',
      'kernel_loader.o'
  Found '_ZSt4cout', possibly from 'std::cout' (C++)
    Objects: 'arithmetic_test.o', 'dpq_test.o', 'nmath_test.o',
      'rmath_test.o', 'stirlerr_test.o'

Compiled code should not call entry points which might terminate R nor
write to stdout/stderr instead of to the console, nor use Fortran I/O
nor system RNGs nor [v]sprintf.

See 'Writing portable packages' in the 'Writing R Extensions' manual.
* checking installed files from 'inst/doc' ... OK
* checking files in 'vignettes' ... OK
* checking examples ... OK
* checking for unstated dependencies in vignettes ... OK
* checking package vignettes ... OK
* checking re-building of vignette outputs ... OK
* checking PDF version of manual ... OK
* DONE
Status: 2 NOTEs
