* installing *source* package 'glmbayes' ...
** this is package 'glmbayes' version '0.1.0'
** using staged installation
** libs
using C compiler: 'gcc.exe (GCC) 14.2.0'
using C++ compiler: 'G__~1.EXE (GCC) 14.2.0'
g++ -std=gnu++17  -I"C:/PROGRA~1/R/R-45~1.1/include" -DNDEBUG  -I'C:/Users/kjell/AppData/Local/R/win-library/4.5/Rcpp/include' -I'C:/Users/kjell/AppData/Local/R/win-library/4.5/RcppArmadillo/include' -I'C:/Users/kjell/AppData/Local/R/win-library/4.5/RcppParallel/include'   -I"C:/rtools45/x86_64-w64-mingw32.static.posix/include"   -fopenmp -DUSE_OPENCL -I"C:/Program Files/NVIDIA GPU Computing Toolkit/CUDA/v12.9/include"   -O2 -Wall  -mfpmath=sse -msse2 -mstackrealign    -c Envelopefuncs.cpp -o Envelopefuncs.o
g++ -std=gnu++17  -I"C:/PROGRA~1/R/R-45~1.1/include" -DNDEBUG  -I'C:/Users/kjell/AppData/Local/R/win-library/4.5/Rcpp/include' -I'C:/Users/kjell/AppData/Local/R/win-library/4.5/RcppArmadillo/include' -I'C:/Users/kjell/AppData/Local/R/win-library/4.5/RcppParallel/include'   -I"C:/rtools45/x86_64-w64-mingw32.static.posix/include"   -fopenmp -DUSE_OPENCL -I"C:/Program Files/NVIDIA GPU Computing Toolkit/CUDA/v12.9/include"   -O2 -Wall  -mfpmath=sse -msse2 -mstackrealign    -c RcppExports.cpp -o RcppExports.o
g++ -std=gnu++17  -I"C:/PROGRA~1/R/R-45~1.1/include" -DNDEBUG  -I'C:/Users/kjell/AppData/Local/R/win-library/4.5/Rcpp/include' -I'C:/Users/kjell/AppData/Local/R/win-library/4.5/RcppArmadillo/include' -I'C:/Users/kjell/AppData/Local/R/win-library/4.5/RcppParallel/include'   -I"C:/rtools45/x86_64-w64-mingw32.static.posix/include"   -fopenmp -DUSE_OPENCL -I"C:/Program Files/NVIDIA GPU Computing Toolkit/CUDA/v12.9/include"   -O2 -Wall  -mfpmath=sse -msse2 -mstackrealign    -c Set_Grid.cpp -o Set_Grid.o
g++ -std=gnu++17  -I"C:/PROGRA~1/R/R-45~1.1/include" -DNDEBUG  -I'C:/Users/kjell/AppData/Local/R/win-library/4.5/Rcpp/include' -I'C:/Users/kjell/AppData/Local/R/win-library/4.5/RcppArmadillo/include' -I'C:/Users/kjell/AppData/Local/R/win-library/4.5/RcppParallel/include'   -I"C:/rtools45/x86_64-w64-mingw32.static.posix/include"   -fopenmp -DUSE_OPENCL -I"C:/Program Files/NVIDIA GPU Computing Toolkit/CUDA/v12.9/include"   -O2 -Wall  -mfpmath=sse -msse2 -mstackrealign    -c Set_LogP.cpp -o Set_LogP.o
g++ -std=gnu++17  -I"C:/PROGRA~1/R/R-45~1.1/include" -DNDEBUG  -I'C:/Users/kjell/AppData/Local/R/win-library/4.5/Rcpp/include' -I'C:/Users/kjell/AppData/Local/R/win-library/4.5/RcppArmadillo/include' -I'C:/Users/kjell/AppData/Local/R/win-library/4.5/RcppParallel/include'   -I"C:/rtools45/x86_64-w64-mingw32.static.posix/include"   -fopenmp -DUSE_OPENCL -I"C:/Program Files/NVIDIA GPU Computing Toolkit/CUDA/v12.9/include"   -O2 -Wall  -mfpmath=sse -msse2 -mstackrealign    -c arithmetic_test.cpp -o arithmetic_test.o
In file included from C:/Program Files/NVIDIA GPU Computing Toolkit/CUDA/v12.9/include/CL/cl.h:20,
                 from arithmetic_test.cpp:3:
C:/Program Files/NVIDIA GPU Computing Toolkit/CUDA/v12.9/include/CL/cl_version.h:22:104: note: '#pragma message: cl_version.h: CL_TARGET_OPENCL_VERSION is not defined. Defaulting to 300 (OpenCL 3.0)'
   22 | #pragma message("cl_version.h: CL_TARGET_OPENCL_VERSION is not defined. Defaulting to 300 (OpenCL 3.0)")
      |                                                                                                        ^
gcc  -I"C:/PROGRA~1/R/R-45~1.1/include" -DNDEBUG  -I'C:/Users/kjell/AppData/Local/R/win-library/4.5/Rcpp/include' -I'C:/Users/kjell/AppData/Local/R/win-library/4.5/RcppArmadillo/include' -I'C:/Users/kjell/AppData/Local/R/win-library/4.5/RcppParallel/include'   -I"C:/rtools45/x86_64-w64-mingw32.static.posix/include"      -O2 -Wall -std=gnu2x  -mfpmath=sse -msse2 -mstackrealign   -c bd0.c -o bd0.o
gcc  -I"C:/PROGRA~1/R/R-45~1.1/include" -DNDEBUG  -I'C:/Users/kjell/AppData/Local/R/win-library/4.5/Rcpp/include' -I'C:/Users/kjell/AppData/Local/R/win-library/4.5/RcppArmadillo/include' -I'C:/Users/kjell/AppData/Local/R/win-library/4.5/RcppParallel/include'   -I"C:/rtools45/x86_64-w64-mingw32.static.posix/include"      -O2 -Wall -std=gnu2x  -mfpmath=sse -msse2 -mstackrealign   -c chebyshev.c -o chebyshev.o
g++ -std=gnu++17  -I"C:/PROGRA~1/R/R-45~1.1/include" -DNDEBUG  -I'C:/Users/kjell/AppData/Local/R/win-library/4.5/Rcpp/include' -I'C:/Users/kjell/AppData/Local/R/win-library/4.5/RcppArmadillo/include' -I'C:/Users/kjell/AppData/Local/R/win-library/4.5/RcppParallel/include'   -I"C:/rtools45/x86_64-w64-mingw32.static.posix/include"   -fopenmp -DUSE_OPENCL -I"C:/Program Files/NVIDIA GPU Computing Toolkit/CUDA/v12.9/include"   -O2 -Wall  -mfpmath=sse -msse2 -mstackrealign    -c configure_OpenCL.cpp -o configure_OpenCL.o
In file included from C:/Program Files/NVIDIA GPU Computing Toolkit/CUDA/v12.9/include/CL/cl.h:20,
                 from configure_OpenCL.h:6,
                 from configure_OpenCL.cpp:3:
C:/Program Files/NVIDIA GPU Computing Toolkit/CUDA/v12.9/include/CL/cl_version.h:22:104: note: '#pragma message: cl_version.h: CL_TARGET_OPENCL_VERSION is not defined. Defaulting to 300 (OpenCL 3.0)'
   22 | #pragma message("cl_version.h: CL_TARGET_OPENCL_VERSION is not defined. Defaulting to 300 (OpenCL 3.0)")
      |                                                                                                        ^
g++ -std=gnu++17  -I"C:/PROGRA~1/R/R-45~1.1/include" -DNDEBUG  -I'C:/Users/kjell/AppData/Local/R/win-library/4.5/Rcpp/include' -I'C:/Users/kjell/AppData/Local/R/win-library/4.5/RcppArmadillo/include' -I'C:/Users/kjell/AppData/Local/R/win-library/4.5/RcppParallel/include'   -I"C:/rtools45/x86_64-w64-mingw32.static.posix/include"   -fopenmp -DUSE_OPENCL -I"C:/Program Files/NVIDIA GPU Computing Toolkit/CUDA/v12.9/include"   -O2 -Wall  -mfpmath=sse -msse2 -mstackrealign    -c ctrnorm_cpp.cpp -o ctrnorm_cpp.o
gcc  -I"C:/PROGRA~1/R/R-45~1.1/include" -DNDEBUG  -I'C:/Users/kjell/AppData/Local/R/win-library/4.5/Rcpp/include' -I'C:/Users/kjell/AppData/Local/R/win-library/4.5/RcppArmadillo/include' -I'C:/Users/kjell/AppData/Local/R/win-library/4.5/RcppParallel/include'   -I"C:/rtools45/x86_64-w64-mingw32.static.posix/include"      -O2 -Wall -std=gnu2x  -mfpmath=sse -msse2 -mstackrealign   -c dbinom.c -o dbinom.o
gcc  -I"C:/PROGRA~1/R/R-45~1.1/include" -DNDEBUG  -I'C:/Users/kjell/AppData/Local/R/win-library/4.5/Rcpp/include' -I'C:/Users/kjell/AppData/Local/R/win-library/4.5/RcppArmadillo/include' -I'C:/Users/kjell/AppData/Local/R/win-library/4.5/RcppParallel/include'   -I"C:/rtools45/x86_64-w64-mingw32.static.posix/include"      -O2 -Wall -std=gnu2x  -mfpmath=sse -msse2 -mstackrealign   -c dgamma.c -o dgamma.o
gcc  -I"C:/PROGRA~1/R/R-45~1.1/include" -DNDEBUG  -I'C:/Users/kjell/AppData/Local/R/win-library/4.5/Rcpp/include' -I'C:/Users/kjell/AppData/Local/R/win-library/4.5/RcppArmadillo/include' -I'C:/Users/kjell/AppData/Local/R/win-library/4.5/RcppParallel/include'   -I"C:/rtools45/x86_64-w64-mingw32.static.posix/include"      -O2 -Wall -std=gnu2x  -mfpmath=sse -msse2 -mstackrealign   -c dnorm.c -o dnorm.o
gcc  -I"C:/PROGRA~1/R/R-45~1.1/include" -DNDEBUG  -I'C:/Users/kjell/AppData/Local/R/win-library/4.5/Rcpp/include' -I'C:/Users/kjell/AppData/Local/R/win-library/4.5/RcppArmadillo/include' -I'C:/Users/kjell/AppData/Local/R/win-library/4.5/RcppParallel/include'   -I"C:/rtools45/x86_64-w64-mingw32.static.posix/include"      -O2 -Wall -std=gnu2x  -mfpmath=sse -msse2 -mstackrealign   -c dpois.c -o dpois.o
g++ -std=gnu++17  -I"C:/PROGRA~1/R/R-45~1.1/include" -DNDEBUG  -I'C:/Users/kjell/AppData/Local/R/win-library/4.5/Rcpp/include' -I'C:/Users/kjell/AppData/Local/R/win-library/4.5/RcppArmadillo/include' -I'C:/Users/kjell/AppData/Local/R/win-library/4.5/RcppParallel/include'   -I"C:/rtools45/x86_64-w64-mingw32.static.posix/include"   -fopenmp -DUSE_OPENCL -I"C:/Program Files/NVIDIA GPU Computing Toolkit/CUDA/v12.9/include"   -O2 -Wall  -mfpmath=sse -msse2 -mstackrealign    -c dpq_test.cpp -o dpq_test.o
In file included from C:/Program Files/NVIDIA GPU Computing Toolkit/CUDA/v12.9/include/CL/cl.h:20,
                 from dpq_test.cpp:3:
C:/Program Files/NVIDIA GPU Computing Toolkit/CUDA/v12.9/include/CL/cl_version.h:22:104: note: '#pragma message: cl_version.h: CL_TARGET_OPENCL_VERSION is not defined. Defaulting to 300 (OpenCL 3.0)'
   22 | #pragma message("cl_version.h: CL_TARGET_OPENCL_VERSION is not defined. Defaulting to 300 (OpenCL 3.0)")
      |                                                                                                        ^
g++ -std=gnu++17  -I"C:/PROGRA~1/R/R-45~1.1/include" -DNDEBUG  -I'C:/Users/kjell/AppData/Local/R/win-library/4.5/Rcpp/include' -I'C:/Users/kjell/AppData/Local/R/win-library/4.5/RcppArmadillo/include' -I'C:/Users/kjell/AppData/Local/R/win-library/4.5/RcppParallel/include'   -I"C:/rtools45/x86_64-w64-mingw32.static.posix/include"   -fopenmp -DUSE_OPENCL -I"C:/Program Files/NVIDIA GPU Computing Toolkit/CUDA/v12.9/include"   -O2 -Wall  -mfpmath=sse -msse2 -mstackrealign    -c famfuncs_Gamma.cpp -o famfuncs_Gamma.o
g++ -std=gnu++17  -I"C:/PROGRA~1/R/R-45~1.1/include" -DNDEBUG  -I'C:/Users/kjell/AppData/Local/R/win-library/4.5/Rcpp/include' -I'C:/Users/kjell/AppData/Local/R/win-library/4.5/RcppArmadillo/include' -I'C:/Users/kjell/AppData/Local/R/win-library/4.5/RcppParallel/include'   -I"C:/rtools45/x86_64-w64-mingw32.static.posix/include"   -fopenmp -DUSE_OPENCL -I"C:/Program Files/NVIDIA GPU Computing Toolkit/CUDA/v12.9/include"   -O2 -Wall  -mfpmath=sse -msse2 -mstackrealign    -c famfuncs_binomial.cpp -o famfuncs_binomial.o
g++ -std=gnu++17  -I"C:/PROGRA~1/R/R-45~1.1/include" -DNDEBUG  -I'C:/Users/kjell/AppData/Local/R/win-library/4.5/Rcpp/include' -I'C:/Users/kjell/AppData/Local/R/win-library/4.5/RcppArmadillo/include' -I'C:/Users/kjell/AppData/Local/R/win-library/4.5/RcppParallel/include'   -I"C:/rtools45/x86_64-w64-mingw32.static.posix/include"   -fopenmp -DUSE_OPENCL -I"C:/Program Files/NVIDIA GPU Computing Toolkit/CUDA/v12.9/include"   -O2 -Wall  -mfpmath=sse -msse2 -mstackrealign    -c famfuncs_gaussian.cpp -o famfuncs_gaussian.o
g++ -std=gnu++17  -I"C:/PROGRA~1/R/R-45~1.1/include" -DNDEBUG  -I'C:/Users/kjell/AppData/Local/R/win-library/4.5/Rcpp/include' -I'C:/Users/kjell/AppData/Local/R/win-library/4.5/RcppArmadillo/include' -I'C:/Users/kjell/AppData/Local/R/win-library/4.5/RcppParallel/include'   -I"C:/rtools45/x86_64-w64-mingw32.static.posix/include"   -fopenmp -DUSE_OPENCL -I"C:/Program Files/NVIDIA GPU Computing Toolkit/CUDA/v12.9/include"   -O2 -Wall  -mfpmath=sse -msse2 -mstackrealign    -c famfuncs_poisson.cpp -o famfuncs_poisson.o
g++ -std=gnu++17  -I"C:/PROGRA~1/R/R-45~1.1/include" -DNDEBUG  -I'C:/Users/kjell/AppData/Local/R/win-library/4.5/Rcpp/include' -I'C:/Users/kjell/AppData/Local/R/win-library/4.5/RcppArmadillo/include' -I'C:/Users/kjell/AppData/Local/R/win-library/4.5/RcppParallel/include'   -I"C:/rtools45/x86_64-w64-mingw32.static.posix/include"   -fopenmp -DUSE_OPENCL -I"C:/Program Files/NVIDIA GPU Computing Toolkit/CUDA/v12.9/include"   -O2 -Wall  -mfpmath=sse -msse2 -mstackrealign    -c kernel_loader.cpp -o kernel_loader.o
gcc  -I"C:/PROGRA~1/R/R-45~1.1/include" -DNDEBUG  -I'C:/Users/kjell/AppData/Local/R/win-library/4.5/Rcpp/include' -I'C:/Users/kjell/AppData/Local/R/win-library/4.5/RcppArmadillo/include' -I'C:/Users/kjell/AppData/Local/R/win-library/4.5/RcppParallel/include'   -I"C:/rtools45/x86_64-w64-mingw32.static.posix/include"      -O2 -Wall -std=gnu2x  -mfpmath=sse -msse2 -mstackrealign   -c lgamma.c -o lgamma.o
gcc  -I"C:/PROGRA~1/R/R-45~1.1/include" -DNDEBUG  -I'C:/Users/kjell/AppData/Local/R/win-library/4.5/Rcpp/include' -I'C:/Users/kjell/AppData/Local/R/win-library/4.5/RcppArmadillo/include' -I'C:/Users/kjell/AppData/Local/R/win-library/4.5/RcppParallel/include'   -I"C:/rtools45/x86_64-w64-mingw32.static.posix/include"      -O2 -Wall -std=gnu2x  -mfpmath=sse -msse2 -mstackrealign   -c lgammacor.c -o lgammacor.o
gcc  -I"C:/PROGRA~1/R/R-45~1.1/include" -DNDEBUG  -I'C:/Users/kjell/AppData/Local/R/win-library/4.5/Rcpp/include' -I'C:/Users/kjell/AppData/Local/R/win-library/4.5/RcppArmadillo/include' -I'C:/Users/kjell/AppData/Local/R/win-library/4.5/RcppParallel/include'   -I"C:/rtools45/x86_64-w64-mingw32.static.posix/include"      -O2 -Wall -std=gnu2x  -mfpmath=sse -msse2 -mstackrealign   -c log1p.c -o log1p.o
g++ -std=gnu++17  -I"C:/PROGRA~1/R/R-45~1.1/include" -DNDEBUG  -I'C:/Users/kjell/AppData/Local/R/win-library/4.5/Rcpp/include' -I'C:/Users/kjell/AppData/Local/R/win-library/4.5/RcppArmadillo/include' -I'C:/Users/kjell/AppData/Local/R/win-library/4.5/RcppParallel/include'   -I"C:/rtools45/x86_64-w64-mingw32.static.posix/include"   -fopenmp -DUSE_OPENCL -I"C:/Program Files/NVIDIA GPU Computing Toolkit/CUDA/v12.9/include"   -O2 -Wall  -mfpmath=sse -msse2 -mstackrealign    -c nmath_test.cpp -o nmath_test.o
In file included from C:/Program Files/NVIDIA GPU Computing Toolkit/CUDA/v12.9/include/CL/cl.h:20,
                 from nmath_test.cpp:4:
C:/Program Files/NVIDIA GPU Computing Toolkit/CUDA/v12.9/include/CL/cl_version.h:22:104: note: '#pragma message: cl_version.h: CL_TARGET_OPENCL_VERSION is not defined. Defaulting to 300 (OpenCL 3.0)'
   22 | #pragma message("cl_version.h: CL_TARGET_OPENCL_VERSION is not defined. Defaulting to 300 (OpenCL 3.0)")
      |                                                                                                        ^
gcc  -I"C:/PROGRA~1/R/R-45~1.1/include" -DNDEBUG  -I'C:/Users/kjell/AppData/Local/R/win-library/4.5/Rcpp/include' -I'C:/Users/kjell/AppData/Local/R/win-library/4.5/RcppArmadillo/include' -I'C:/Users/kjell/AppData/Local/R/win-library/4.5/RcppParallel/include'   -I"C:/rtools45/x86_64-w64-mingw32.static.posix/include"      -O2 -Wall -std=gnu2x  -mfpmath=sse -msse2 -mstackrealign   -c pnorm.c -o pnorm.o
g++ -std=gnu++17  -I"C:/PROGRA~1/R/R-45~1.1/include" -DNDEBUG  -I'C:/Users/kjell/AppData/Local/R/win-library/4.5/Rcpp/include' -I'C:/Users/kjell/AppData/Local/R/win-library/4.5/RcppArmadillo/include' -I'C:/Users/kjell/AppData/Local/R/win-library/4.5/RcppParallel/include'   -I"C:/rtools45/x86_64-w64-mingw32.static.posix/include"   -fopenmp -DUSE_OPENCL -I"C:/Program Files/NVIDIA GPU Computing Toolkit/CUDA/v12.9/include"   -O2 -Wall  -mfpmath=sse -msse2 -mstackrealign    -c rindep_norm_gamma_reg_cpp.cpp -o rindep_norm_gamma_reg_cpp.o
rindep_norm_gamma_reg_cpp.cpp: In function 'Rcpp::List rindep_norm_gamma_reg_std_v5_cpp(int, Rcpp::NumericVector, Rcpp::NumericMatrix, Rcpp::NumericMatrix, Rcpp::NumericMatrix, Rcpp::NumericVector, Rcpp::NumericVector, Rcpp::Function, Rcpp::List, Rcpp::List, Rcpp::List, Rcpp::CharacterVector, Rcpp::CharacterVector, int)':
rindep_norm_gamma_reg_cpp.cpp:964:10: warning: unused variable 'shape3' [-Wunused-variable]
  964 |   double shape3 =gamma_list["shape3"];
      |          ^~~~~~
g++ -std=gnu++17  -I"C:/PROGRA~1/R/R-45~1.1/include" -DNDEBUG  -I'C:/Users/kjell/AppData/Local/R/win-library/4.5/Rcpp/include' -I'C:/Users/kjell/AppData/Local/R/win-library/4.5/RcppArmadillo/include' -I'C:/Users/kjell/AppData/Local/R/win-library/4.5/RcppParallel/include'   -I"C:/rtools45/x86_64-w64-mingw32.static.posix/include"   -fopenmp -DUSE_OPENCL -I"C:/Program Files/NVIDIA GPU Computing Toolkit/CUDA/v12.9/include"   -O2 -Wall  -mfpmath=sse -msse2 -mstackrealign    -c rmath_test.cpp -o rmath_test.o
In file included from C:/Program Files/NVIDIA GPU Computing Toolkit/CUDA/v12.9/include/CL/cl.h:20,
                 from rmath_test.cpp:5:
C:/Program Files/NVIDIA GPU Computing Toolkit/CUDA/v12.9/include/CL/cl_version.h:22:104: note: '#pragma message: cl_version.h: CL_TARGET_OPENCL_VERSION is not defined. Defaulting to 300 (OpenCL 3.0)'
   22 | #pragma message("cl_version.h: CL_TARGET_OPENCL_VERSION is not defined. Defaulting to 300 (OpenCL 3.0)")
      |                                                                                                        ^
g++ -std=gnu++17  -I"C:/PROGRA~1/R/R-45~1.1/include" -DNDEBUG  -I'C:/Users/kjell/AppData/Local/R/win-library/4.5/Rcpp/include' -I'C:/Users/kjell/AppData/Local/R/win-library/4.5/RcppArmadillo/include' -I'C:/Users/kjell/AppData/Local/R/win-library/4.5/RcppParallel/include'   -I"C:/rtools45/x86_64-w64-mingw32.static.posix/include"   -fopenmp -DUSE_OPENCL -I"C:/Program Files/NVIDIA GPU Computing Toolkit/CUDA/v12.9/include"   -O2 -Wall  -mfpmath=sse -msse2 -mstackrealign    -c rng_utils.cpp -o rng_utils.o
g++ -std=gnu++17  -I"C:/PROGRA~1/R/R-45~1.1/include" -DNDEBUG  -I'C:/Users/kjell/AppData/Local/R/win-library/4.5/Rcpp/include' -I'C:/Users/kjell/AppData/Local/R/win-library/4.5/RcppArmadillo/include' -I'C:/Users/kjell/AppData/Local/R/win-library/4.5/RcppParallel/include'   -I"C:/rtools45/x86_64-w64-mingw32.static.posix/include"   -fopenmp -DUSE_OPENCL -I"C:/Program Files/NVIDIA GPU Computing Toolkit/CUDA/v12.9/include"   -O2 -Wall  -mfpmath=sse -msse2 -mstackrealign    -c rnnorm_reg_cpp.cpp -o rnnorm_reg_cpp.o
g++ -std=gnu++17  -I"C:/PROGRA~1/R/R-45~1.1/include" -DNDEBUG  -I'C:/Users/kjell/AppData/Local/R/win-library/4.5/Rcpp/include' -I'C:/Users/kjell/AppData/Local/R/win-library/4.5/RcppArmadillo/include' -I'C:/Users/kjell/AppData/Local/R/win-library/4.5/RcppParallel/include'   -I"C:/rtools45/x86_64-w64-mingw32.static.posix/include"   -fopenmp -DUSE_OPENCL -I"C:/Program Files/NVIDIA GPU Computing Toolkit/CUDA/v12.9/include"   -O2 -Wall  -mfpmath=sse -msse2 -mstackrealign    -c rnnorm_reg_worker.cpp -o rnnorm_reg_worker.o
g++ -std=gnu++17  -I"C:/PROGRA~1/R/R-45~1.1/include" -DNDEBUG  -I'C:/Users/kjell/AppData/Local/R/win-library/4.5/Rcpp/include' -I'C:/Users/kjell/AppData/Local/R/win-library/4.5/RcppArmadillo/include' -I'C:/Users/kjell/AppData/Local/R/win-library/4.5/RcppParallel/include'   -I"C:/rtools45/x86_64-w64-mingw32.static.posix/include"   -fopenmp -DUSE_OPENCL -I"C:/Program Files/NVIDIA GPU Computing Toolkit/CUDA/v12.9/include"   -O2 -Wall  -mfpmath=sse -msse2 -mstackrealign    -c rnorm_reg_cpp.cpp -o rnorm_reg_cpp.o
g++ -std=gnu++17  -I"C:/PROGRA~1/R/R-45~1.1/include" -DNDEBUG  -I'C:/Users/kjell/AppData/Local/R/win-library/4.5/Rcpp/include' -I'C:/Users/kjell/AppData/Local/R/win-library/4.5/RcppArmadillo/include' -I'C:/Users/kjell/AppData/Local/R/win-library/4.5/RcppParallel/include'   -I"C:/rtools45/x86_64-w64-mingw32.static.posix/include"   -fopenmp -DUSE_OPENCL -I"C:/Program Files/NVIDIA GPU Computing Toolkit/CUDA/v12.9/include"   -O2 -Wall  -mfpmath=sse -msse2 -mstackrealign    -c square_test.cpp -o square_test.o
In file included from C:/Program Files/NVIDIA GPU Computing Toolkit/CUDA/v12.9/include/CL/cl.h:20,
                 from square_test.cpp:3:
C:/Program Files/NVIDIA GPU Computing Toolkit/CUDA/v12.9/include/CL/cl_version.h:22:104: note: '#pragma message: cl_version.h: CL_TARGET_OPENCL_VERSION is not defined. Defaulting to 300 (OpenCL 3.0)'
   22 | #pragma message("cl_version.h: CL_TARGET_OPENCL_VERSION is not defined. Defaulting to 300 (OpenCL 3.0)")
      |                                                                                                        ^
gcc  -I"C:/PROGRA~1/R/R-45~1.1/include" -DNDEBUG  -I'C:/Users/kjell/AppData/Local/R/win-library/4.5/Rcpp/include' -I'C:/Users/kjell/AppData/Local/R/win-library/4.5/RcppArmadillo/include' -I'C:/Users/kjell/AppData/Local/R/win-library/4.5/RcppParallel/include'   -I"C:/rtools45/x86_64-w64-mingw32.static.posix/include"      -O2 -Wall -std=gnu2x  -mfpmath=sse -msse2 -mstackrealign   -c stirlerr.c -o stirlerr.o
g++ -std=gnu++17  -I"C:/PROGRA~1/R/R-45~1.1/include" -DNDEBUG  -I'C:/Users/kjell/AppData/Local/R/win-library/4.5/Rcpp/include' -I'C:/Users/kjell/AppData/Local/R/win-library/4.5/RcppArmadillo/include' -I'C:/Users/kjell/AppData/Local/R/win-library/4.5/RcppParallel/include'   -I"C:/rtools45/x86_64-w64-mingw32.static.posix/include"   -fopenmp -DUSE_OPENCL -I"C:/Program Files/NVIDIA GPU Computing Toolkit/CUDA/v12.9/include"   -O2 -Wall  -mfpmath=sse -msse2 -mstackrealign    -c stirlerr_test.cpp -o stirlerr_test.o
In file included from C:/Program Files/NVIDIA GPU Computing Toolkit/CUDA/v12.9/include/CL/cl.h:20,
                 from stirlerr_test.cpp:3:
C:/Program Files/NVIDIA GPU Computing Toolkit/CUDA/v12.9/include/CL/cl_version.h:22:104: note: '#pragma message: cl_version.h: CL_TARGET_OPENCL_VERSION is not defined. Defaulting to 300 (OpenCL 3.0)'
   22 | #pragma message("cl_version.h: CL_TARGET_OPENCL_VERSION is not defined. Defaulting to 300 (OpenCL 3.0)")
      |                                                                                                        ^
g++ -std=gnu++17 -shared -s -static-libgcc -o glmbayes.dll tmp.def Envelopefuncs.o RcppExports.o Set_Grid.o Set_LogP.o arithmetic_test.o bd0.o chebyshev.o configure_OpenCL.o ctrnorm_cpp.o dbinom.o dgamma.o dnorm.o dpois.o dpq_test.o famfuncs_Gamma.o famfuncs_binomial.o famfuncs_gaussian.o famfuncs_poisson.o kernel_loader.o lgamma.o lgammacor.o log1p.o nmath_test.o pnorm.o rindep_norm_gamma_reg_cpp.o rmath_test.o rng_utils.o rnnorm_reg_cpp.o rnnorm_reg_worker.o rnorm_reg_cpp.o square_test.o stirlerr.o stirlerr_test.o -fopenmp -LC:/Program Files/NVIDIA GPU Computing Toolkit/CUDA/v12.9/lib/x64 -lOpenCL -LC:/PROGRA~1/R/R-45~1.1/bin/x64 -lRlapack -LC:/PROGRA~1/R/R-45~1.1/bin/x64 -lRblas -lgfortran -lquadmath -LC:/rtools45/x86_64-w64-mingw32.static.posix/lib/x64 -LC:/rtools45/x86_64-w64-mingw32.static.posix/lib -LC:/PROGRA~1/R/R-45~1.1/bin/x64 -lR
installing to C:/Rpackages/glmbayes/glmbayes.Rcheck/00LOCK-glmbayes/00new/glmbayes/libs/x64
** R
** data
** demo
** inst
** byte-compile and prepare package for lazy loading
** help
*** installing help indices
** building package indices
** installing vignettes
** testing if installed package can be loaded from temporary location
** testing if installed package can be loaded from final location
** testing if installed package keeps a record of temporary installation path
* DONE (glmbayes)
