This is pdfTeX, Version 3.141592653-2.6-1.40.25 (MiKTeX 24.1) (preloaded format=pdflatex 2025.7.14)  3 AUG 2025 19:22
entering extended mode
 restricted \write18 enabled.
 %&-line parsing enabled.
**C:/msys64/tmp/RtmpUDJWdO/Rd2pdf333056ef26c/Rd2.tex
(C:/msys64/tmp/RtmpUDJWdO/Rd2pdf333056ef26c/Rd2.tex
LaTeX2e <2023-11-01> patch level 1
L3 programming layer <2024-01-04>

(C:\Users\kjell\AppData\Local\Programs\MiKTeX\tex/latex/base\book.cls
Document Class: book 2023/05/17 v1.4n Standard LaTeX document class
(C:\Users\kjell\AppData\Local\Programs\MiKTeX\tex/latex/base\bk10.clo
File: bk10.clo 2023/05/17 v1.4n Standard LaTeX file (size option)
)
\c@part=\count187
\c@chapter=\count188
\c@section=\count189
\c@subsection=\count190
\c@subsubsection=\count191
\c@paragraph=\count192
\c@subparagraph=\count193
\c@figure=\count194
\c@table=\count195
\abovecaptionskip=\skip48
\belowcaptionskip=\skip49
\bibindent=\dimen140
)
(C:/PROGRA~1/R/R-45~1.1/share/texmf/tex/latex\Rd.sty
Package: Rd 

(C:\Users\kjell\AppData\Local\Programs\MiKTeX\tex/latex/base\ifthen.sty
Package: ifthen 2022/04/13 v1.1d Standard LaTeX ifthen package (DPC)
)
(C:\Users\kjell\AppData\Local\Programs\MiKTeX\tex/generic/iftex\iftex.sty
Package: iftex 2022/02/03 v1.0f TeX engine tests
)
(C:\Users\kjell\AppData\Local\Programs\MiKTeX\tex/latex/tools\longtable.sty
Package: longtable 2023-11-01 v4.19 Multi-page Table package (DPC)
\LTleft=\skip50
\LTright=\skip51
\LTpre=\skip52
\LTpost=\skip53
\LTchunksize=\count196
\LTcapwidth=\dimen141
\LT@head=\box51
\LT@firsthead=\box52
\LT@foot=\box53
\LT@lastfoot=\box54
\LT@gbox=\box55
\LT@cols=\count197
\LT@rows=\count198
\c@LT@tables=\count199
\c@LT@chunks=\count266
\LT@p@ftn=\toks17
)
(C:\Users\kjell\AppData\Local\Programs\MiKTeX\tex/latex/tools\bm.sty
Package: bm 2023/07/08 v1.2f Bold Symbol Support (DPC/FMi)
\symboldoperators=\mathgroup4
\symboldletters=\mathgroup5
\symboldsymbols=\mathgroup6
Package bm Info: No bold for \OMX/cmex/m/n, using \pmb.
LaTeX Font Info:    Redeclaring math alphabet \mathbf on input line 149.
)
(C:\Users\kjell\AppData\Local\Programs\MiKTeX\tex/latex/base\alltt.sty
Package: alltt 2021/01/29 v2.0g defines alltt environment
)
(C:\Users\kjell\AppData\Local\Programs\MiKTeX\tex/latex/tools\verbatim.sty
Package: verbatim 2023-11-06 v1.5v LaTeX2e package for verbatim enhancements
\every@verbatim=\toks18
\verbatim@line=\toks19
\verbatim@in@stream=\read2
)
(C:\Users\kjell\AppData\Local\Programs\MiKTeX\tex/latex/url\url.sty
\Urlmuskip=\muskip16
Package: url 2013/09/16  ver 3.4  Verb mode for urls, etc.
)
(C:\Users\kjell\AppData\Local\Programs\MiKTeX\tex/latex/base\textcomp.sty
Package: textcomp 2020/02/02 v2.0n Standard LaTeX package
)
(C:\Users\kjell\AppData\Local\Programs\MiKTeX\tex/latex/amsmath\amsmath.sty
Package: amsmath 2023/05/13 v2.17o AMS math features
\@mathmargin=\skip54

For additional information on amsmath, use the `?' option.
(C:\Users\kjell\AppData\Local\Programs\MiKTeX\tex/latex/amsmath\amstext.sty
Package: amstext 2021/08/26 v2.01 AMS text

(C:\Users\kjell\AppData\Local\Programs\MiKTeX\tex/latex/amsmath\amsgen.sty
File: amsgen.sty 1999/11/30 v2.0 generic functions
\@emptytoks=\toks20
\ex@=\dimen142
))
(C:\Users\kjell\AppData\Local\Programs\MiKTeX\tex/latex/amsmath\amsbsy.sty
Package: amsbsy 1999/11/29 v1.2d Bold Symbols
LaTeX Info: Redefining \boldsymbol on input line 28.
\pmbraise@=\dimen143
)
(C:\Users\kjell\AppData\Local\Programs\MiKTeX\tex/latex/amsmath\amsopn.sty
Package: amsopn 2022/04/08 v2.04 operator names
)
\inf@bad=\count267
LaTeX Info: Redefining \frac on input line 234.
\uproot@=\count268
\leftroot@=\count269
LaTeX Info: Redefining \overline on input line 399.
LaTeX Info: Redefining \colon on input line 410.
\classnum@=\count270
\DOTSCASE@=\count271
LaTeX Info: Redefining \ldots on input line 496.
LaTeX Info: Redefining \dots on input line 499.
LaTeX Info: Redefining \cdots on input line 620.
\Mathstrutbox@=\box56
\strutbox@=\box57
LaTeX Info: Redefining \big on input line 722.
LaTeX Info: Redefining \Big on input line 723.
LaTeX Info: Redefining \bigg on input line 724.
LaTeX Info: Redefining \Bigg on input line 725.
\big@size=\dimen144
LaTeX Font Info:    Redeclaring font encoding OML on input line 743.
LaTeX Font Info:    Redeclaring font encoding OMS on input line 744.
\macc@depth=\count272
LaTeX Info: Redefining \bmod on input line 905.
LaTeX Info: Redefining \pmod on input line 910.
LaTeX Info: Redefining \smash on input line 940.
LaTeX Info: Redefining \relbar on input line 970.
LaTeX Info: Redefining \Relbar on input line 971.
\c@MaxMatrixCols=\count273
\dotsspace@=\muskip17
\c@parentequation=\count274
\dspbrk@lvl=\count275
\tag@help=\toks21
\row@=\count276
\column@=\count277
\maxfields@=\count278
\andhelp@=\toks22
\eqnshift@=\dimen145
\alignsep@=\dimen146
\tagshift@=\dimen147
\tagwidth@=\dimen148
\totwidth@=\dimen149
\lineht@=\dimen150
\@envbody=\toks23
\multlinegap=\skip55
\multlinetaggap=\skip56
\mathdisplay@stack=\toks24
LaTeX Info: Redefining \[ on input line 2953.
LaTeX Info: Redefining \] on input line 2954.
)
(C:\Users\kjell\AppData\Local\Programs\MiKTeX\tex/latex/amsfonts\amsfonts.sty
Package: amsfonts 2013/01/14 v3.01 Basic AMSFonts support
\symAMSa=\mathgroup7
\symAMSb=\mathgroup8
LaTeX Font Info:    Redeclaring math symbol \hbar on input line 98.
LaTeX Font Info:    Overwriting math alphabet `\mathfrak' in version `bold'
(Font)                  U/euf/m/n --> U/euf/b/n on input line 106.
)
(C:\Users\kjell\AppData\Local\Programs\MiKTeX\tex/latex/amsfonts\amssymb.sty
Package: amssymb 2013/01/14 v3.01 AMS font symbols
)
(C:\Users\kjell\AppData\Local\Programs\MiKTeX\tex/latex/jknappen\mathrsfs.sty
Package: mathrsfs 1996/01/01 Math RSFS package v1.0 (jk)
\symrsfs=\mathgroup9
)
\ldescriptionwidth=\skip57

(C:\Users\kjell\AppData\Local\Programs\MiKTeX\tex/latex/base\fontenc.sty
Package: fontenc 2021/04/29 v2.0v Standard LaTeX package
)
(C:\Users\kjell\AppData\Local\Programs\MiKTeX\tex/latex/psnfss\times.sty
Package: times 2020/03/25 PSNFSS-v9.3 (SPQR) 
)
(C:\Users\kjell\AppData\Local\Programs\MiKTeX\tex/latex/inconsolata\zi4.sty
Package: zi4 2019/05/17 v1.12

`inconsolata-zi4' v1.12, 2019/05/17 Text macros for Inconsolata (msharpe)
(C:\Users\kjell\AppData\Local\Programs\MiKTeX\tex/latex/xkeyval\xkeyval.sty
Package: xkeyval 2022/06/16 v2.9 package option processing (HA)

(C:\Users\kjell\AppData\Local\Programs\MiKTeX\tex/generic/xkeyval\xkeyval.tex
(C:\Users\kjell\AppData\Local\Programs\MiKTeX\tex/generic/xkeyval\xkvutils.tex
\XKV@toks=\toks25
\XKV@tempa@toks=\toks26

(C:\Users\kjell\AppData\Local\Programs\MiKTeX\tex/generic/xkeyval\keyval.tex))
\XKV@depth=\count279
File: xkeyval.tex 2014/12/03 v2.7a key=value parser (HA)
))
\zifour@ocount=\count280
) (C:\Users\kjell\AppData\Local\Programs\MiKTeX\tex/latex/graphics\color.sty
Package: color 2022/01/06 v1.3d Standard LaTeX Color (DPC)

(C:\Users\kjell\AppData\Local\Programs\MiKTeX\tex/latex/graphics-cfg\color.cfg
File: color.cfg 2016/01/02 v1.6 sample color configuration
)
Package color Info: Driver file: pdftex.def on input line 149.

(C:\Users\kjell\AppData\Local\Programs\MiKTeX\tex/latex/graphics-def\pdftex.def
File: pdftex.def 2022/09/22 v1.2b Graphics/color driver for pdftex
)
(C:\Users\kjell\AppData\Local\Programs\MiKTeX\tex/latex/graphics\mathcolor.ltx)
) (C:\Users\kjell\AppData\Local\Programs\MiKTeX\tex/latex/hyperref\hyperref.sty
Package: hyperref 2023-11-26 v7.01g Hypertext links for LaTeX

(C:\Users\kjell\AppData\Local\Programs\MiKTeX\tex/generic/infwarerr\infwarerr.s
ty
Package: infwarerr 2019/12/03 v1.5 Providing info/warning/error messages (HO)
)
(C:\Users\kjell\AppData\Local\Programs\MiKTeX\tex/latex/kvsetkeys\kvsetkeys.sty
Package: kvsetkeys 2022-10-05 v1.19 Key value parser (HO)
)
(C:\Users\kjell\AppData\Local\Programs\MiKTeX\tex/generic/kvdefinekeys\kvdefine
keys.sty
Package: kvdefinekeys 2019-12-19 v1.6 Define keys (HO)
)
(C:\Users\kjell\AppData\Local\Programs\MiKTeX\tex/generic/pdfescape\pdfescape.s
ty
Package: pdfescape 2019/12/09 v1.15 Implements pdfTeX's escape features (HO)

(C:\Users\kjell\AppData\Local\Programs\MiKTeX\tex/generic/ltxcmds\ltxcmds.sty
Package: ltxcmds 2023-12-04 v1.26 LaTeX kernel commands for general use (HO)
)
(C:\Users\kjell\AppData\Local\Programs\MiKTeX\tex/generic/pdftexcmds\pdftexcmds
.sty
Package: pdftexcmds 2020-06-27 v0.33 Utility functions of pdfTeX for LuaTeX (HO
)
Package pdftexcmds Info: \pdf@primitive is available.
Package pdftexcmds Info: \pdf@ifprimitive is available.
Package pdftexcmds Info: \pdfdraftmode found.
))
(C:\Users\kjell\AppData\Local\Programs\MiKTeX\tex/latex/hycolor\hycolor.sty
Package: hycolor 2020-01-27 v1.10 Color options for hyperref/bookmark (HO)
)
(C:\Users\kjell\AppData\Local\Programs\MiKTeX\tex/latex/letltxmacro\letltxmacro
.sty
Package: letltxmacro 2019/12/03 v1.6 Let assignment for LaTeX macros (HO)
)
(C:\Users\kjell\AppData\Local\Programs\MiKTeX\tex/latex/auxhook\auxhook.sty
Package: auxhook 2019-12-17 v1.6 Hooks for auxiliary files (HO)
)
(C:\Users\kjell\AppData\Local\Programs\MiKTeX\tex/latex/hyperref\nameref.sty
Package: nameref 2023-11-26 v2.56 Cross-referencing by name of section

(C:\Users\kjell\AppData\Local\Programs\MiKTeX\tex/latex/refcount\refcount.sty
Package: refcount 2019/12/15 v3.6 Data extraction from label references (HO)
)
(C:\Users\kjell\AppData\Local\Programs\MiKTeX\tex/generic/gettitlestring\gettit
lestring.sty
Package: gettitlestring 2019/12/15 v1.6 Cleanup title references (HO)

(C:\Users\kjell\AppData\Local\Programs\MiKTeX\tex/latex/kvoptions\kvoptions.sty
Package: kvoptions 2022-06-15 v3.15 Key value format for package options (HO)
))
\c@section@level=\count281
)
(C:\Users\kjell\AppData\Local\Programs\MiKTeX\tex/latex/etoolbox\etoolbox.sty
Package: etoolbox 2020/10/05 v2.5k e-TeX tools for LaTeX (JAW)
\etb@tempcnta=\count282
)
\@linkdim=\dimen151
\Hy@linkcounter=\count283
\Hy@pagecounter=\count284

(C:\Users\kjell\AppData\Local\Programs\MiKTeX\tex/latex/hyperref\pd1enc.def
File: pd1enc.def 2023-11-26 v7.01g Hyperref: PDFDocEncoding definition (HO)
Now handling font encoding PD1 ...
... no UTF-8 mapping file for font encoding PD1
)
(C:\Users\kjell\AppData\Local\Programs\MiKTeX\tex/generic/intcalc\intcalc.sty
Package: intcalc 2019/12/15 v1.3 Expandable calculations with integers (HO)
)
\Hy@SavedSpaceFactor=\count285

(C:\Users\kjell\AppData\Local\Programs\MiKTeX\tex/latex/hyperref\puenc.def
File: puenc.def 2023-11-26 v7.01g Hyperref: PDF Unicode definition (HO)
Now handling font encoding PU ...
... no UTF-8 mapping file for font encoding PU
)
Package hyperref Info: Hyper figures OFF on input line 4181.
Package hyperref Info: Link nesting OFF on input line 4186.
Package hyperref Info: Hyper index ON on input line 4189.
Package hyperref Info: Plain pages OFF on input line 4196.
Package hyperref Info: Backreferencing OFF on input line 4201.
Package hyperref Info: Implicit mode ON; LaTeX internals redefined.
Package hyperref Info: Bookmarks ON on input line 4448.
\c@Hy@tempcnt=\count286
LaTeX Info: Redefining \url on input line 4786.
\XeTeXLinkMargin=\dimen152

(C:\Users\kjell\AppData\Local\Programs\MiKTeX\tex/generic/bitset\bitset.sty
Package: bitset 2019/12/09 v1.3 Handle bit-vector datatype (HO)

(C:\Users\kjell\AppData\Local\Programs\MiKTeX\tex/generic/bigintcalc\bigintcalc
.sty
Package: bigintcalc 2019/12/15 v1.5 Expandable calculations on big integers (HO
)
))
\Fld@menulength=\count287
\Field@Width=\dimen153
\Fld@charsize=\dimen154
Package hyperref Info: Hyper figures OFF on input line 6065.
Package hyperref Info: Link nesting OFF on input line 6070.
Package hyperref Info: Hyper index ON on input line 6073.
Package hyperref Info: backreferencing OFF on input line 6080.
Package hyperref Info: Link coloring OFF on input line 6085.
Package hyperref Info: Link coloring with OCG OFF on input line 6090.
Package hyperref Info: PDF/A mode OFF on input line 6095.

(C:\Users\kjell\AppData\Local\Programs\MiKTeX\tex/latex/base\atbegshi-ltx.sty
Package: atbegshi-ltx 2021/01/10 v1.0c Emulation of the original atbegshi
package with kernel methods
)
\Hy@abspage=\count288
\c@Item=\count289
\c@Hfootnote=\count290
)
Package hyperref Info: Driver (autodetected): hpdftex.
(C:\Users\kjell\AppData\Local\Programs\MiKTeX\tex/latex/hyperref\hpdftex.def
File: hpdftex.def 2023-11-26 v7.01g Hyperref driver for pdfTeX

(C:\Users\kjell\AppData\Local\Programs\MiKTeX\tex/latex/base\atveryend-ltx.sty
Package: atveryend-ltx 2020/08/19 v1.0a Emulation of the original atveryend pac
kage
with kernel methods
)
\Fld@listcount=\count291
\c@bookmark@seq@number=\count292

(C:\Users\kjell\AppData\Local\Programs\MiKTeX\tex/latex/rerunfilecheck\rerunfil
echeck.sty
Package: rerunfilecheck 2025-06-21 v1.11 Rerun checks for auxiliary files (HO)

(C:\Users\kjell\AppData\Local\Programs\MiKTeX\tex/generic/uniquecounter\uniquec
ounter.sty
Package: uniquecounter 2019/12/15 v1.4 Provide unlimited unique counter (HO)
)
Package uniquecounter Info: New unique counter `rerunfilecheck' on input line 2
84.
)
\Hy@SectionHShift=\skip58
)
Package hyperref Info: Option `colorlinks' set `true' on input line 413.
Package hyperref Info: Option `linktocpage' set `true' on input line 413.
Package hyperref Info: Option `plainpages' set `false' on input line 413.
)
(C:\Users\kjell\AppData\Local\Programs\MiKTeX\tex/latex/base\makeidx.sty
Package: makeidx 2021/10/04 v1.0m Standard LaTeX package
)
\@indexfile=\write3
\openout3 = `Rd2.idx'.


Writing index file Rd2.idx
LaTeX Font Info:    Trying to load font information for T1+ptm on input line 8.

(C:\Users\kjell\AppData\Local\Programs\MiKTeX\tex/latex/psnfss\t1ptm.fd
File: t1ptm.fd 2001/06/04 font definitions for T1/ptm.
)
(C:\Users\kjell\AppData\Local\Programs\MiKTeX\tex/latex/l3backend\l3backend-pdf
tex.def
File: l3backend-pdftex.def 2024-01-04 L3 backend support: PDF output (pdfTeX)
\l__color_backend_stack_int=\count293
\l__pdf_internal_box=\box58
) (Rd2.aux)
\openout1 = `Rd2.aux'.

LaTeX Font Info:    Checking defaults for OML/cmm/m/it on input line 8.
LaTeX Font Info:    ... okay on input line 8.
LaTeX Font Info:    Checking defaults for OMS/cmsy/m/n on input line 8.
LaTeX Font Info:    ... okay on input line 8.
LaTeX Font Info:    Checking defaults for OT1/cmr/m/n on input line 8.
LaTeX Font Info:    ... okay on input line 8.
LaTeX Font Info:    Checking defaults for T1/cmr/m/n on input line 8.
LaTeX Font Info:    ... okay on input line 8.
LaTeX Font Info:    Checking defaults for TS1/cmr/m/n on input line 8.
LaTeX Font Info:    ... okay on input line 8.
LaTeX Font Info:    Checking defaults for OMX/cmex/m/n on input line 8.
LaTeX Font Info:    ... okay on input line 8.
LaTeX Font Info:    Checking defaults for U/cmr/m/n on input line 8.
LaTeX Font Info:    ... okay on input line 8.
LaTeX Font Info:    Checking defaults for PD1/pdf/m/n on input line 8.
LaTeX Font Info:    ... okay on input line 8.
LaTeX Font Info:    Checking defaults for PU/pdf/m/n on input line 8.
LaTeX Font Info:    ... okay on input line 8.

(C:\Users\kjell\AppData\Local\Programs\MiKTeX\tex/context/base/mkii\supp-pdf.mk
ii
[Loading MPS to PDF converter (version 2006.09.02).]
\scratchcounter=\count294
\scratchdimen=\dimen155
\scratchbox=\box59
\nofMPsegments=\count295
\nofMParguments=\count296
\everyMPshowfont=\toks27
\MPscratchCnt=\count297
\MPscratchDim=\dimen156
\MPnumerator=\count298
\makeMPintoPDFobject=\count299
\everyMPtoPDFconversion=\toks28
)
Package hyperref Info: Link coloring ON on input line 8.
 (Rd2.out) (Rd2.out)
\@outlinefile=\write4
\openout4 = `Rd2.out'.

LaTeX Font Info:    Trying to load font information for T1+zi4 on input line 22
.

(C:\Users\kjell\AppData\Local\Programs\MiKTeX\tex/latex/inconsolata\t1zi4.fd
File: t1zi4.fd 2018/01/14 T1/zi4 (Inconsolata)
)
LaTeX Font Info:    Font shape `T1/zi4/m/n' will be
(Font)              scaled to size 10.0pt on input line 22.

(Rd2.toc
LaTeX Font Info:    Trying to load font information for U+msa on input line 1.

(C:\Users\kjell\AppData\Local\Programs\MiKTeX\tex/latex/amsfonts\umsa.fd
File: umsa.fd 2013/01/14 v3.01 AMS symbols A
)
LaTeX Font Info:    Trying to load font information for U+msb on input line 1.

(C:\Users\kjell\AppData\Local\Programs\MiKTeX\tex/latex/amsfonts\umsb.fd
File: umsb.fd 2013/01/14 v3.01 AMS symbols B
)
LaTeX Font Info:    Trying to load font information for U+rsfs on input line 1.


(C:\Users\kjell\AppData\Local\Programs\MiKTeX\tex/latex/jknappen\ursfs.fd
File: ursfs.fd 1998/03/24 rsfs font definition file (jk)
)
[1


{C:/Users/kjell/AppData/Local/MiKTeX/fonts/map/pdftex/pdftex.map}{C:/Users/kjel
l/AppData/Local/Programs/MiKTeX/fonts/enc/dvips/base/8r.enc}{C:/Users/kjell/App
Data/Local/Programs/MiKTeX/fonts/enc/dvips/inconsolata/i4-t1-0.enc}])
\tf@toc=\write5
\openout5 = `Rd2.toc'.


[2]
LaTeX Font Info:    Font shape `T1/zi4/m/n' will be
(Font)              scaled to size 9.0pt on input line 83.
LaTeX Font Info:    Trying to load font information for TS1+zi4 on input line 9
6.

(C:\Users\kjell\AppData\Local\Programs\MiKTeX\tex/latex/inconsolata\ts1zi4.fd
File: ts1zi4.fd 2018/01/14 TS1/zi4 (Inconsolata)
)
LaTeX Font Info:    Font shape `TS1/zi4/m/n' will be
(Font)              scaled to size 10.0pt on input line 96.

[3{C:/Users/kjell/AppData/Local/Programs/MiKTeX/fonts/enc/dvips/inconsolata/i4-
ts1.enc}] [4] [5] [6] [7] [8] [9] [10]
Overfull \hbox (4.54922pt too wide) in paragraph at lines 522--524
[]\T1/ptm/m/n/10 2) Cor-re-spond-ing in-ter-vals []\T1/zi4/m/n/10 (thetastar_i-
0.5 *omega,thetastar_i-0.5 *omega) []\T1/ptm/m/n/10 are con-structed
 []

[11] [12] [13] [14] [15] [16] [17]
Underfull \vbox (badness 10000) has occurred while \output is active []

 [18]
[19] [20] [21] [22] [23]
Overfull \hbox (6.22836pt too wide) in paragraph at lines 1258--1263
[]\T1/ptm/m/n/10 an op-tional data frame, list or en-vi-ron-ment (or ob-ject co
-ercible by [][][]\T1/zi4/m/n/10 as.data.frame[][][]
 []

[24]
Overfull \hbox (19.70804pt too wide) in paragraph at lines 1362--1366
\T1/ptm/m/n/10 ob-tain or print a sum-mary of the re-sults. The generic ac-ces-
sor func-tions [][][]\T1/zi4/m/n/10 coefficients[][][][]\T1/ptm/m/n/10 , [][][]
\T1/zi4/m/n/10 fitted.values[][][][]\T1/ptm/m/n/10 ,
 []

[25]
LaTeX Font Info:    Trying to load font information for T1+phv on input line 14
11.
 (C:\Users\kjell\AppData\Local\Programs\MiKTeX\tex/latex/psnfss\t1phv.fd
File: t1phv.fd 2020/03/25 scalable font definitions for T1/phv.
)
[26]
Overfull \hbox (32.38098pt too wide) in paragraph at lines 1451--1454
[][][]\T1/zi4/m/n/10 summary.glmb[][][][]\T1/ptm/m/n/10 , [][][]\T1/zi4/m/n/10 
predict.glmb[][][][]\T1/ptm/m/n/10 , [][][]\T1/zi4/m/n/10 residuals.glmb[][][][
]\T1/ptm/m/n/10 , [][][]\T1/zi4/m/n/10 simulate.glmb[][][][]\T1/ptm/m/n/10 , []
[][]\T1/zi4/m/n/10 extractAIC.glmb[][][][]\T1/ptm/m/n/10 , [][][]\T1/zi4/m/n/10
 dummy.coef.glmb[][][]
 []


Overfull \hbox (26.25941pt too wide) in paragraph at lines 1472--1472
 []\T1/zi4/m/n/9 glmb.D93<-glmb(counts ~ outcome + treatment, family = poisson(
),pfamily=dNormal(mu=mu,Sigma=V0))[] 
 []

[27] [28]
Overfull \hbox (26.25941pt too wide) in paragraph at lines 1582--1582
 []\T1/zi4/m/n/9 glmb.D93<-glmb(counts ~ outcome + treatment, family = poisson(
),pfamily=dNormal(mu=mu,Sigma=V0))[] 
 []


Overfull \hbox (35.25941pt too wide) in paragraph at lines 1602--1602
 []\T1/zi4/m/n/9 glmb2.D93<-glmb(counts ~ outcome + treatment, family = poisson
(),pfamily=dNormal(mu=mu1,Sigma=V1))[] 
 []


Underfull \vbox (badness 10000) has occurred while \output is active []

 [29]
[30] [31]
Overfull \hbox (26.25941pt too wide) in paragraph at lines 1762--1762
 []\T1/zi4/m/n/9 glmb.D93<-glmb(counts ~ outcome + treatment, family = poisson(
),pfamily=dNormal(mu=mu,Sigma=V0))[] 
 []


Overfull \hbox (35.25941pt too wide) in paragraph at lines 1782--1782
 []\T1/zi4/m/n/9 glmb2.D93<-glmb(counts ~ outcome + treatment, family = poisson
(),pfamily=dNormal(mu=mu1,Sigma=V1))[] 
 []


Underfull \vbox (badness 10000) has occurred while \output is active []

 [32]
[33]
Overfull \hbox (0.97714pt too wide) in paragraph at lines 1905--1911
\T1/ptm/m/n/10 mod-els all have log-concave like-li-hood func-tions that al-low
 us to lever-age the likelihood-subgradient
 []

[34] [35]
Underfull \vbox (badness 10000) has occurred while \output is active []

 [36]
[37] [38] [39]
Underfull \vbox (badness 10000) has occurred while \output is active []

 [40]
Overfull \hbox (26.25941pt too wide) in paragraph at lines 2342--2342
 []\T1/zi4/m/n/9 glmb.D93<-glmb(counts ~ outcome + treatment, family = poisson(
),pfamily=dNormal(mu=mu,Sigma=V0))[] 
 []

[41]
Overfull \hbox (35.25941pt too wide) in paragraph at lines 2362--2362
 []\T1/zi4/m/n/9 glmb2.D93<-glmb(counts ~ outcome + treatment, family = poisson
(),pfamily=dNormal(mu=mu1,Sigma=V1))[] 
 []


Underfull \vbox (badness 10000) has occurred while \output is active []

 [42]
[43] [44]
Overfull \hbox (6.22836pt too wide) in paragraph at lines 2570--2575
[]\T1/ptm/m/n/10 an op-tional data frame, list or en-vi-ron-ment (or ob-ject co
-ercible by [][][]\T1/zi4/m/n/10 as.data.frame[][][]
 []

[45]
Overfull \hbox (19.70804pt too wide) in paragraph at lines 2644--2648
\T1/ptm/m/n/10 ob-tain or print a sum-mary of the re-sults. The generic ac-ces-
sor func-tions [][][]\T1/zi4/m/n/10 coefficients[][][][]\T1/ptm/m/n/10 , [][][]
\T1/zi4/m/n/10 fitted.values[][][][]\T1/ptm/m/n/10 ,
 []

[46] [47] [48] [49]
Overfull \hbox (1.24785pt too wide) in paragraph at lines 2852--2853
[]\T1/ptm/m/n/10 Venables, W. N. and Rip-ley, B. D. (2002) Mod-ern Ap-plied Sta
tis-tics with S. Fourth edi-tion. Springer. 
 []

[50] [51] [52]
Overfull \hbox (7.25903pt too wide) in paragraph at lines 3041--3046
[]\T1/zi4/m/n/10 dGamma() []\T1/ptm/m/n/10 prior fam-ily while the []\T1/zi4/m/
n/10 gaussian() []\T1/ptm/m/n/10 fam-ily works with the []\T1/zi4/m/n/10 dGamma
() []\T1/ptm/m/n/10 and []\T1/zi4/m/n/10 dNormal_Gamma()
 []

[53]
Overfull \hbox (26.25941pt too wide) in paragraph at lines 3120--3120
 []\T1/zi4/m/n/9 glmb.D93<-glmb(counts ~ outcome + treatment, family = poisson(
),pfamily=dNormal(mu=mu,Sigma=V0))[] 
 []

[54] [55] [56] [57]
Overfull \hbox (6.22836pt too wide) in paragraph at lines 3335--3340
[]\T1/ptm/m/n/10 an op-tional data frame, list or en-vi-ron-ment (or ob-ject co
-ercible by [][][]\T1/zi4/m/n/10 as.data.frame[][][]
 []

[58] [59] [60] [61] [62] [63]
Overfull \hbox (7.21767pt too wide) in paragraph at lines 3690--3697
\T1/ptm/m/n/10 can be used to ob-tain or print a sum-mary of the re-sults. The 
generic ac-ces-sor func-tions [][][]\T1/zi4/m/n/10 coefficients[][][][]\T1/ptm/
m/n/10 ,
 []


Overfull \hbox (58.32909pt too wide) in paragraph at lines 3707--3711
[]\T1/ptm/m/n/10 Other fam-ily sim-u-la-tion func-tions: [][][]\T1/zi4/m/n/10 r
Normal_Gamma_reg[][][]()[]\T1/ptm/m/n/10 , [][][]\T1/zi4/m/n/10 rNormal_reg[][]
[]()[]\T1/ptm/m/n/10 , [][][]\T1/zi4/m/n/10 rindependent_norm_gamma_reg[][][]()
 
 []

[64]
Underfull \vbox (badness 10000) has occurred while \output is active []

 [65]
[66] [67]
Overfull \hbox (32.38098pt too wide) in paragraph at lines 3943--3946
[][][]\T1/zi4/m/n/10 summary.glmb[][][][]\T1/ptm/m/n/10 , [][][]\T1/zi4/m/n/10 
predict.glmb[][][][]\T1/ptm/m/n/10 , [][][]\T1/zi4/m/n/10 residuals.glmb[][][][
]\T1/ptm/m/n/10 , [][][]\T1/zi4/m/n/10 simulate.glmb[][][][]\T1/ptm/m/n/10 , []
[][]\T1/zi4/m/n/10 extractAIC.glmb[][][][]\T1/ptm/m/n/10 , [][][]\T1/zi4/m/n/10
 dummy.coef.glmb[][][]
 []

[68] [69] [70] [71]
Overfull \hbox (53.27782pt too wide) in paragraph at lines 4180--4180
 []\T1/zi4/m/n/9 glmb.D9=glmb(weight~group, family=gaussian(),dNormal(mu=mu,Sig
ma=Sigma_prior,dispersion=dispersion))[] 
 []


Underfull \vbox (badness 10000) has occurred while \output is active []

 [72]
[73] [74]
Overfull \hbox (53.27782pt too wide) in paragraph at lines 4375--4375
 []\T1/zi4/m/n/9 glmb.D9=glmb(weight~group, family=gaussian(),dNormal(mu=mu,Sig
ma=Sigma_prior,dispersion=dispersion))[] 
 []


Underfull \vbox (badness 10000) has occurred while \output is active []

 [75]
[76]
Overfull \hbox (19.70804pt too wide) in paragraph at lines 4509--4516
\T1/ptm/m/n/10 ob-tain or print a sum-mary of the re-sults. The generic ac-ces-
sor func-tions [][][]\T1/zi4/m/n/10 coefficients[][][][]\T1/ptm/m/n/10 , [][][]
\T1/zi4/m/n/10 fitted.values[][][][]\T1/ptm/m/n/10 ,
 []

[77] [78]
Overfull \hbox (17.25941pt too wide) in paragraph at lines 4598--4598
 []  \T1/zi4/m/n/9 out2=rlmb(n = 1, y=y, x=x, pfamily=dGamma(shape=shape,rate=r
ate,beta=out1$coefficients[1,]))[] 
 []


Overfull \hbox (17.25941pt too wide) in paragraph at lines 4608--4608
 []  \T1/zi4/m/n/9 out2=rlmb(n = 1, y=y, x=x, pfamily=dGamma(shape=shape,rate=r
ate,beta=out1$coefficients[1,]))[] 
 []

[79] [80] [81]
Overfull \hbox (14.28088pt too wide) in paragraph at lines 4822--4822
 []\T1/zi4/m/n/9 sim=rnnorm_reg_std(n=as.integer(n),y=as.vector(y),x=as.matrix(
x2),mu=as.matrix(mu2,ncol=1),[] 
 []


Underfull \vbox (badness 10000) has occurred while \output is active []

 [82]
LaTeX Font Info:    Trying to load font information for TS1+ptm on input line 4
869.

(C:\Users\kjell\AppData\Local\Programs\MiKTeX\tex/latex/psnfss\ts1ptm.fd
File: ts1ptm.fd 2001/06/04 font definitions for TS1/ptm.
)
[83] [84]
Overfull \hbox (3.97923pt too wide) in paragraph at lines 4958--4965
[]\T1/zi4/m/n/10 rNormal_Gamma_reg []\T1/ptm/m/n/10 re-turns a ob-ject of class
 []\T1/zi4/m/n/10 "rglmb"[]\T1/ptm/m/n/10 . The func-tion []\T1/zi4/m/n/10 summ
ary []\T1/ptm/m/n/10 (i.e., [][][]\T1/zi4/m/n/10 summary.rglmb[][][][]\T1/ptm/m
/n/10 )
 []


Overfull \hbox (7.21767pt too wide) in paragraph at lines 4958--4965
\T1/ptm/m/n/10 can be used to ob-tain or print a sum-mary of the re-sults. The 
generic ac-ces-sor func-tions [][][]\T1/zi4/m/n/10 coefficients[][][][]\T1/ptm/
m/n/10 ,
 []


Overfull \hbox (23.32909pt too wide) in paragraph at lines 5011--5015
[]\T1/ptm/m/n/10 Other fam-ily sim-u-la-tion func-tions: [][][]\T1/zi4/m/n/10 r
Gamma_reg[][][]()[]\T1/ptm/m/n/10 , [][][]\T1/zi4/m/n/10 rNormal_reg[][][]()[]\
T1/ptm/m/n/10 , [][][]\T1/zi4/m/n/10 rindependent_norm_gamma_reg[][][]() 
 []

[85] [86] [87]
Overfull \hbox (13.03726pt too wide) in paragraph at lines 5141--5143
[]\T1/ptm/m/n/10 5) Sam-ples for the stan-dard-ized model are gen-er-ated us-in
g accept-reject meth-ods (see [][][]\T1/zi4/m/n/10 rnnorm_reg_std[][][]
 []


Overfull \hbox (53.32909pt too wide) in paragraph at lines 5195--5199
[]\T1/ptm/m/n/10 Other fam-ily sim-u-la-tion func-tions: [][][]\T1/zi4/m/n/10 r
Gamma_reg[][][]()[]\T1/ptm/m/n/10 , [][][]\T1/zi4/m/n/10 rNormal_Gamma_reg[][][
]()[]\T1/ptm/m/n/10 , [][][]\T1/zi4/m/n/10 rindependent_norm_gamma_reg[][][]() 

 []

[88] [89] [90] [91]
Overfull \hbox (5.34723pt too wide) in paragraph at lines 5401--5405
[]\T1/ptm/m/n/10 A ma-trix con-tain-ing in-for-ma-tion for each com-po-nent in 
the grid re-lated to whether
 []

[92] [93] [94] [95] [96] [97] [98] (Rd2.ind [99]

LaTeX Font Warning: Font shape `T1/zi4/m/it' undefined
(Font)              using `T1/zi4/m/n' instead on input line 64.

LaTeX Font Info:    Font shape `T1/zi4/m/it' will be
(Font)              scaled to size 10.0pt on input line 70.
[100

] [101]) (Rd2.aux)
 ***********
LaTeX2e <2023-11-01> patch level 1
L3 programming layer <2024-01-04>
 ***********


LaTeX Font Warning: Some font shapes were not available, defaults substituted.

Package rerunfilecheck Info: File `Rd2.out' has not changed.
(rerunfilecheck)             Checksum: 788EF93D7B0D83CE63BB0BD364C091A1;6015.
 ) 
Here is how much of TeX's memory you used:
 11232 strings out of 474486
 170723 string characters out of 5743755
 1942542 words of memory out of 5000000
 32766 multiletter control sequences out of 15000+600000
 595115 words of font info for 82 fonts, out of 8000000 for 9000
 1141 hyphenation exceptions out of 8191
 92i,6n,95p,547b,737s stack positions out of 10000i,1000n,20000p,200000b,200000s

pdfTeX warning (dest): name{Rfn.coef} has been referenced but does not exist, r
eplaced by a fixed one


pdfTeX warning (dest): name{Rfn.summary.glm} has been referenced but does not e
xist, replaced by a fixed one


pdfTeX warning (dest): name{Rfn.summary.lm} has been referenced but does not ex
ist, replaced by a fixed one


pdfTeX warning (dest): name{Rfn.summary} has been referenced but does not exist
, replaced by a fixed one


pdfTeX warning (dest): name{Rfn.optim} has been referenced but does not exist, 
replaced by a fixed one


pdfTeX warning (dest): name{Rfn.rnorm} has been referenced but does not exist, 
replaced by a fixed one


pdfTeX warning (dest): name{Rfn.model.offset} has been referenced but does not 
exist, replaced by a fixed one


pdfTeX warning (dest): name{Rfn.methods} has been referenced but does not exist
, replaced by a fixed one


pdfTeX warning (dest): name{Rfn.na.action} has been referenced but does not exi
st, replaced by a fixed one


pdfTeX warning (dest): name{Rfn.[.data.frame} has been referenced but does not 
exist, replaced by a fixed one


pdfTeX warning (dest): name{Rfn.napredict} has been referenced but does not exi
st, replaced by a fixed one


pdfTeX warning (dest): name{Rfn.qr} has been referenced but does not exist, rep
laced by a fixed one


pdfTeX warning (dest): name{Rfn.list} has been referenced but does not exist, r
eplaced by a fixed one


pdfTeX warning (dest): name{Rfn.lm} has been referenced but does not exist, rep
laced by a fixed one


pdfTeX warning (dest): name{Rfn.binomial} has been referenced but does not exis
t, replaced by a fixed one


pdfTeX warning (dest): name{Rfn.terms} has been referenced but does not exist, 
replaced by a fixed one


pdfTeX warning (dest): name{Rfn.extractAIC} has been referenced but does not ex
ist, replaced by a fixed one


pdfTeX warning (dest): name{Rfn.residuals} has been referenced but does not exi
st, replaced by a fixed one


pdfTeX warning (dest): name{Rfn.fitted.values} has been referenced but does not
 exist, replaced by a fixed one


pdfTeX warning (dest): name{Rfn.coefficients} has been referenced but does not 
exist, replaced by a fixed one


pdfTeX warning (dest): name{Rfn.glm} has been referenced but does not exist, re
placed by a fixed one


pdfTeX warning (dest): name{Rfn.glm.control} has been referenced but does not e
xist, replaced by a fixed one


pdfTeX warning (dest): name{Rfn.na.fail} has been referenced but does not exist
, replaced by a fixed one


pdfTeX warning (dest): name{Rfn.options} has been referenced but does not exist
, replaced by a fixed one


pdfTeX warning (dest): name{Rfn.model.extract} has been referenced but does not
 exist, replaced by a fixed one


pdfTeX warning (dest): name{Rfn.offset} has been referenced but does not exist,
 replaced by a fixed one


pdfTeX warning (dest): name{Rfn.as.data.frame} has been referenced but does not
 exist, replaced by a fixed one


pdfTeX warning (dest): name{Rfn.family} has been referenced but does not exist,
 replaced by a fixed one


pdfTeX warning (dest): name{Rfn.formula} has been referenced but does not exist
, replaced by a fixed one

<C:/Users/kjell/AppData/Local/Programs/MiKTeX/fonts/type1/public/inconsolata/In
consolata-zi4r.pfb><C:/Users/kjell/AppData/Local/Programs/MiKTeX/fonts/type1/pu
blic/amsfonts/cm/cmsy10.pfb><C:/Users/kjell/AppData/Local/Programs/MiKTeX/fonts
/type1/urw/helvetic/uhvr8a.pfb><C:/Users/kjell/AppData/Local/Programs/MiKTeX/fo
nts/type1/urw/times/utmb8a.pfb><C:/Users/kjell/AppData/Local/Programs/MiKTeX/fo
nts/type1/urw/times/utmr8a.pfb><C:/Users/kjell/AppData/Local/Programs/MiKTeX/fo
nts/type1/urw/times/utmr8a.pfb><C:/Users/kjell/AppData/Local/Programs/MiKTeX/fo
nts/type1/urw/times/utmri8a.pfb>
Output written on Rd2.pdf (101 pages, 521691 bytes).
PDF statistics:
 1876 PDF objects out of 2073 (max. 8388607)
 559 named destinations out of 1000 (max. 500000)
 401 words of extra memory for PDF output out of 10000 (max. 10000000)

